# JRE version: Java(TM) SE Runtime Environment (8.0_201-b09) (build 1.8.0_201-b09)
# Java VM: Java HotSpot(TM) 64-Bit Server VM (25.201-b09 mixed mode windows-amd64 compressed oops)
Heap:
 PSYoungGen      total 114688K, used 45527K [0x00000000d6380000, 0x00000000df000000, 0x0000000100000000)
  eden space 110080K, 37% used [0x00000000d6380000,0x00000000d8bef4b0,0x00000000dcf00000)
  from space 4608K, 89% used [0x00000000deb80000,0x00000000def86798,0x00000000df000000)
  to   space 8192K, 0% used [0x00000000de000000,0x00000000de000000,0x00000000de800000)
 ParOldGen       total 51712K, used 6063K [0x0000000082a00000, 0x0000000085c80000, 0x00000000d6380000)
  object space 51712K, 11% used [0x0000000082a00000,0x0000000082febf18,0x0000000085c80000)
 Metaspace       used 27528K, capacity 28540K, committed 28672K, reserved 1075200K
  class space    used 3570K, capacity 3783K, committed 3840K, reserved 1048576K
GC Heap History (10 events):
Event: 1.541 GC heap before
{Heap before GC invocations=3 (full 0):
 PSYoungGen      total 37888K, used 37860K [0x00000000d6380000, 0x00000000dad80000, 0x0000000100000000)
  eden space 32768K, 100% used [0x00000000d6380000,0x00000000d8380000,0x00000000d8380000)
  from space 5120K, 99% used [0x00000000d8880000,0x00000000d8d79020,0x00000000d8d80000)
  to   space 5120K, 0% used [0x00000000d8380000,0x00000000d8380000,0x00000000d8880000)
 ParOldGen       total 86016K, used 515K [0x0000000082a00000, 0x0000000087e00000, 0x00000000d6380000)
  object space 86016K, 0% used [0x0000000082a00000,0x0000000082a80e30,0x0000000087e00000)
 Metaspace       used 16655K, capacity 17162K, committed 17536K, reserved 1064960K
  class space    used 2168K, capacity 2314K, committed 2432K, reserved 1048576K
Event: 1.548 GC heap after
Heap after GC invocations=3 (full 0):
 PSYoungGen      total 37888K, used 5105K [0x00000000d6380000, 0x00000000dad80000, 0x0000000100000000)
  eden space 32768K, 0% used [0x00000000d6380000,0x00000000d6380000,0x00000000d8380000)
  from space 5120K, 99% used [0x00000000d8380000,0x00000000d887c508,0x00000000d8880000)
  to   space 5120K, 0% used [0x00000000da880000,0x00000000da880000,0x00000000dad80000)
 ParOldGen       total 86016K, used 1999K [0x0000000082a00000, 0x0000000087e00000, 0x00000000d6380000)
  object space 86016K, 2% used [0x0000000082a00000,0x0000000082bf3ca8,0x0000000087e00000)
 Metaspace       used 16655K, capacity 17162K, committed 17536K, reserved 1064960K
  class space    used 2168K, capacity 2314K, committed 2432K, reserved 1048576K
}
Event: 1.788 GC heap before
{Heap before GC invocations=4 (full 0):
 PSYoungGen      total 37888K, used 37873K [0x00000000d6380000, 0x00000000dad80000, 0x0000000100000000)
  eden space 32768K, 100% used [0x00000000d6380000,0x00000000d8380000,0x00000000d8380000)
  from space 5120K, 99% used [0x00000000d8380000,0x00000000d887c508,0x00000000d8880000)
  to   space 5120K, 0% used [0x00000000da880000,0x00000000da880000,0x00000000dad80000)
 ParOldGen       total 86016K, used 1999K [0x0000000082a00000, 0x0000000087e00000, 0x00000000d6380000)
  object space 86016K, 2% used [0x0000000082a00000,0x0000000082bf3ca8,0x0000000087e00000)
 Metaspace       used 19772K, capacity 20354K, committed 20480K, reserved 1067008K
  class space    used 2571K, capacity 2720K, committed 2816K, reserved 1048576K
Event: 1.798 GC heap after
Heap after GC invocations=4 (full 0):
 PSYoungGen      total 70656K, used 5094K [0x00000000d6380000, 0x00000000dad80000, 0x0000000100000000)
  eden space 65536K, 0% used [0x00000000d6380000,0x00000000d6380000,0x00000000da380000)
  from space 5120K, 99% used [0x00000000da880000,0x00000000dad798f0,0x00000000dad80000)
  to   space 5120K, 0% used [0x00000000da380000,0x00000000da380000,0x00000000da880000)
 ParOldGen       total 86016K, used 4510K [0x0000000082a00000, 0x0000000087e00000, 0x00000000d6380000)
  object space 86016K, 5% used [0x0000000082a00000,0x0000000082e678a0,0x0000000087e00000)
 Metaspace       used 19772K, capacity 20354K, committed 20480K, reserved 1067008K
  class space    used 2571K, capacity 2720K, committed 2816K, reserved 1048576K
}
Event: 1.871 GC heap before
{Heap before GC invocations=5 (full 0):
 PSYoungGen      total 70656K, used 14604K [0x00000000d6380000, 0x00000000dad80000, 0x0000000100000000)
  eden space 65536K, 14% used [0x00000000d6380000,0x00000000d6cc99d8,0x00000000da380000)
  from space 5120K, 99% used [0x00000000da880000,0x00000000dad798f0,0x00000000dad80000)
  to   space 5120K, 0% used [0x00000000da380000,0x00000000da380000,0x00000000da880000)
 ParOldGen       total 86016K, used 4510K [0x0000000082a00000, 0x0000000087e00000, 0x00000000d6380000)
  object space 86016K, 5% used [0x0000000082a00000,0x0000000082e678a0,0x0000000087e00000)
 Metaspace       used 20602K, capacity 21222K, committed 21248K, reserved 1067008K
  class space    used 2646K, capacity 2816K, committed 2816K, reserved 1048576K
Event: 1.877 GC heap after
Heap after GC invocations=5 (full 0):
 PSYoungGen      total 70656K, used 5098K [0x00000000d6380000, 0x00000000df380000, 0x0000000100000000)
  eden space 65536K, 0% used [0x00000000d6380000,0x00000000d6380000,0x00000000da380000)
  from space 5120K, 99% used [0x00000000da380000,0x00000000da87a8a8,0x00000000da880000)
  to   space 8192K, 0% used [0x00000000deb80000,0x00000000deb80000,0x00000000df380000)
 ParOldGen       total 86016K, used 5559K [0x0000000082a00000, 0x0000000087e00000, 0x00000000d6380000)
  object space 86016K, 6% used [0x0000000082a00000,0x0000000082f6dfc0,0x0000000087e00000)
 Metaspace       used 20602K, capacity 21222K, committed 21248K, reserved 1067008K
  class space    used 2646K, capacity 2816K, committed 2816K, reserved 1048576K
}
Event: 1.877 GC heap before
{Heap before GC invocations=6 (full 1):
 PSYoungGen      total 70656K, used 5098K [0x00000000d6380000, 0x00000000df380000, 0x0000000100000000)
  eden space 65536K, 0% used [0x00000000d6380000,0x00000000d6380000,0x00000000da380000)
  from space 5120K, 99% used [0x00000000da380000,0x00000000da87a8a8,0x00000000da880000)
  to   space 8192K, 0% used [0x00000000deb80000,0x00000000deb80000,0x00000000df380000)
 ParOldGen       total 86016K, used 5559K [0x0000000082a00000, 0x0000000087e00000, 0x00000000d6380000)
  object space 86016K, 6% used [0x0000000082a00000,0x0000000082f6dfc0,0x0000000087e00000)
 Metaspace       used 20602K, capacity 21222K, committed 21248K, reserved 1067008K
  class space    used 2646K, capacity 2816K, committed 2816K, reserved 1048576K
Event: 1.903 GC heap after
Heap after GC invocations=6 (full 1):
 PSYoungGen      total 70656K, used 0K [0x00000000d6380000, 0x00000000df380000, 0x0000000100000000)
  eden space 65536K, 0% used [0x00000000d6380000,0x00000000d6380000,0x00000000da380000)
  from space 5120K, 0% used [0x00000000da380000,0x00000000da380000,0x00000000da880000)
  to   space 8192K, 0% used [0x00000000deb80000,0x00000000deb80000,0x00000000df380000)
 ParOldGen       total 51712K, used 6055K [0x0000000082a00000, 0x0000000085c80000, 0x00000000d6380000)
  object space 51712K, 11% used [0x0000000082a00000,0x0000000082fe9f18,0x0000000085c80000)
 Metaspace       used 20602K, capacity 21222K, committed 21248K, reserved 1067008K
  class space    used 2646K, capacity 2816K, committed 2816K, reserved 1048576K
}
Event: 2.102 GC heap before
{Heap before GC invocations=7 (full 1):
 PSYoungGen      total 70656K, used 65536K [0x00000000d6380000, 0x00000000df380000, 0x0000000100000000)
  eden space 65536K, 100% used [0x00000000d6380000,0x00000000da380000,0x00000000da380000)
  from space 5120K, 0% used [0x00000000da380000,0x00000000da380000,0x00000000da880000)
  to   space 8192K, 0% used [0x00000000deb80000,0x00000000deb80000,0x00000000df380000)
 ParOldGen       total 51712K, used 6055K [0x0000000082a00000, 0x0000000085c80000, 0x00000000d6380000)
  object space 51712K, 11% used [0x0000000082a00000,0x0000000082fe9f18,0x0000000085c80000)
 Metaspace       used 23052K, capacity 23752K, committed 23936K, reserved 1071104K
  class space    used 2990K, capacity 3185K, committed 3200K, reserved 1048576K
Event: 2.106 GC heap after
Heap after GC invocations=7 (full 1):
 PSYoungGen      total 114688K, used 4121K [0x00000000d6380000, 0x00000000df000000, 0x0000000100000000)
  eden space 110080K, 0% used [0x00000000d6380000,0x00000000d6380000,0x00000000dcf00000)
  from space 4608K, 89% used [0x00000000deb80000,0x00000000def86798,0x00000000df000000)
  to   space 8192K, 0% used [0x00000000de000000,0x00000000de000000,0x00000000de800000)
 ParOldGen       total 51712K, used 6063K [0x0000000082a00000, 0x0000000085c80000, 0x00000000d6380000)
  object space 51712K, 11% used [0x0000000082a00000,0x0000000082febf18,0x0000000085c80000)
 Metaspace       used 23052K, capacity 23752K, committed 23936K, reserved 1071104K
  class space    used 2990K, capacity 3185K, committed 3200K, reserved 1048576K
}

