# JRE version: Java(TM) SE Runtime Environment (8.0_201-b09) (build 1.8.0_201-b09)
# Java VM: Java HotSpot(TM) 64-Bit Server VM (25.201-b09 mixed mode windows-amd64 compressed oops)
Heap:
 PSYoungGen      total 70656K, used 40973K [0x00000000d6380000, 0x00000000dad80000, 0x0000000100000000)
  eden space 65536K, 56% used [0x00000000d6380000,0x00000000d8768790,0x00000000da380000)
  from space 5120K, 82% used [0x00000000da880000,0x00000000dac9b040,0x00000000dad80000)
  to   space 5120K, 0% used [0x00000000da380000,0x00000000da380000,0x00000000da880000)
 ParOldGen       total 51712K, used 6186K [0x0000000082a00000, 0x0000000085c80000, 0x00000000d6380000)
  object space 51712K, 11% used [0x0000000082a00000,0x000000008300a9e8,0x0000000085c80000)
 Metaspace       used 27185K, capacity 28184K, committed 28336K, reserved 1073152K
  class space    used 3535K, capacity 3751K, committed 3760K, reserved 1048576K
GC Heap History (10 events):
Event: 1.358 GC heap before
{Heap before GC invocations=3 (full 0):
 PSYoungGen      total 37888K, used 37864K [0x00000000d6380000, 0x00000000dad80000, 0x0000000100000000)
  eden space 32768K, 100% used [0x00000000d6380000,0x00000000d8380000,0x00000000d8380000)
  from space 5120K, 99% used [0x00000000d8880000,0x00000000d8d7a100,0x00000000d8d80000)
  to   space 5120K, 0% used [0x00000000d8380000,0x00000000d8380000,0x00000000d8880000)
 ParOldGen       total 86016K, used 457K [0x0000000082a00000, 0x0000000087e00000, 0x00000000d6380000)
  object space 86016K, 0% used [0x0000000082a00000,0x0000000082a725d0,0x0000000087e00000)
 Metaspace       used 16654K, capacity 17066K, committed 17152K, reserved 1064960K
  class space    used 2165K, capacity 2282K, committed 2304K, reserved 1048576K
Event: 1.365 GC heap after
Heap after GC invocations=3 (full 0):
 PSYoungGen      total 37888K, used 5091K [0x00000000d6380000, 0x00000000dad80000, 0x0000000100000000)
  eden space 32768K, 0% used [0x00000000d6380000,0x00000000d6380000,0x00000000d8380000)
  from space 5120K, 99% used [0x00000000d8380000,0x00000000d8878df0,0x00000000d8880000)
  to   space 5120K, 0% used [0x00000000da880000,0x00000000da880000,0x00000000dad80000)
 ParOldGen       total 86016K, used 1915K [0x0000000082a00000, 0x0000000087e00000, 0x00000000d6380000)
  object space 86016K, 2% used [0x0000000082a00000,0x0000000082bdedc0,0x0000000087e00000)
 Metaspace       used 16654K, capacity 17066K, committed 17152K, reserved 1064960K
  class space    used 2165K, capacity 2282K, committed 2304K, reserved 1048576K
}
Event: 1.584 GC heap before
{Heap before GC invocations=4 (full 0):
 PSYoungGen      total 37888K, used 37859K [0x00000000d6380000, 0x00000000dad80000, 0x0000000100000000)
  eden space 32768K, 100% used [0x00000000d6380000,0x00000000d8380000,0x00000000d8380000)
  from space 5120K, 99% used [0x00000000d8380000,0x00000000d8878df0,0x00000000d8880000)
  to   space 5120K, 0% used [0x00000000da880000,0x00000000da880000,0x00000000dad80000)
 ParOldGen       total 86016K, used 1915K [0x0000000082a00000, 0x0000000087e00000, 0x00000000d6380000)
  object space 86016K, 2% used [0x0000000082a00000,0x0000000082bdedc0,0x0000000087e00000)
 Metaspace       used 19749K, capacity 20282K, committed 20480K, reserved 1067008K
  class space    used 2570K, capacity 2720K, committed 2816K, reserved 1048576K
Event: 1.591 GC heap after
Heap after GC invocations=4 (full 0):
 PSYoungGen      total 70656K, used 5094K [0x00000000d6380000, 0x00000000dad80000, 0x0000000100000000)
  eden space 65536K, 0% used [0x00000000d6380000,0x00000000d6380000,0x00000000da380000)
  from space 5120K, 99% used [0x00000000da880000,0x00000000dad798f0,0x00000000dad80000)
  to   space 5120K, 0% used [0x00000000da380000,0x00000000da380000,0x00000000da880000)
 ParOldGen       total 86016K, used 4423K [0x0000000082a00000, 0x0000000087e00000, 0x00000000d6380000)
  object space 86016K, 5% used [0x0000000082a00000,0x0000000082e51e98,0x0000000087e00000)
 Metaspace       used 19749K, capacity 20282K, committed 20480K, reserved 1067008K
  class space    used 2570K, capacity 2720K, committed 2816K, reserved 1048576K
}
Event: 1.653 GC heap before
{Heap before GC invocations=5 (full 0):
 PSYoungGen      total 70656K, used 15405K [0x00000000d6380000, 0x00000000dad80000, 0x0000000100000000)
  eden space 65536K, 15% used [0x00000000d6380000,0x00000000d6d91e08,0x00000000da380000)
  from space 5120K, 99% used [0x00000000da880000,0x00000000dad798f0,0x00000000dad80000)
  to   space 5120K, 0% used [0x00000000da380000,0x00000000da380000,0x00000000da880000)
 ParOldGen       total 86016K, used 4423K [0x0000000082a00000, 0x0000000087e00000, 0x00000000d6380000)
  object space 86016K, 5% used [0x0000000082a00000,0x0000000082e51e98,0x0000000087e00000)
 Metaspace       used 20641K, capacity 21240K, committed 21296K, reserved 1067008K
  class space    used 2650K, capacity 2819K, committed 2864K, reserved 1048576K
Event: 1.660 GC heap after
Heap after GC invocations=5 (full 0):
 PSYoungGen      total 70656K, used 5107K [0x00000000d6380000, 0x00000000dad80000, 0x0000000100000000)
  eden space 65536K, 0% used [0x00000000d6380000,0x00000000d6380000,0x00000000da380000)
  from space 5120K, 99% used [0x00000000da380000,0x00000000da87cef8,0x00000000da880000)
  to   space 5120K, 0% used [0x00000000da880000,0x00000000da880000,0x00000000dad80000)
 ParOldGen       total 86016K, used 5589K [0x0000000082a00000, 0x0000000087e00000, 0x00000000d6380000)
  object space 86016K, 6% used [0x0000000082a00000,0x0000000082f755f0,0x0000000087e00000)
 Metaspace       used 20641K, capacity 21240K, committed 21296K, reserved 1067008K
  class space    used 2650K, capacity 2819K, committed 2864K, reserved 1048576K
}
Event: 1.660 GC heap before
{Heap before GC invocations=6 (full 1):
 PSYoungGen      total 70656K, used 5107K [0x00000000d6380000, 0x00000000dad80000, 0x0000000100000000)
  eden space 65536K, 0% used [0x00000000d6380000,0x00000000d6380000,0x00000000da380000)
  from space 5120K, 99% used [0x00000000da380000,0x00000000da87cef8,0x00000000da880000)
  to   space 5120K, 0% used [0x00000000da880000,0x00000000da880000,0x00000000dad80000)
 ParOldGen       total 86016K, used 5589K [0x0000000082a00000, 0x0000000087e00000, 0x00000000d6380000)
  object space 86016K, 6% used [0x0000000082a00000,0x0000000082f755f0,0x0000000087e00000)
 Metaspace       used 20641K, capacity 21240K, committed 21296K, reserved 1067008K
  class space    used 2650K, capacity 2819K, committed 2864K, reserved 1048576K
Event: 1.687 GC heap after
Heap after GC invocations=6 (full 1):
 PSYoungGen      total 70656K, used 0K [0x00000000d6380000, 0x00000000dad80000, 0x0000000100000000)
  eden space 65536K, 0% used [0x00000000d6380000,0x00000000d6380000,0x00000000da380000)
  from space 5120K, 0% used [0x00000000da380000,0x00000000da380000,0x00000000da880000)
  to   space 5120K, 0% used [0x00000000da880000,0x00000000da880000,0x00000000dad80000)
 ParOldGen       total 51712K, used 6178K [0x0000000082a00000, 0x0000000085c80000, 0x00000000d6380000)
  object space 51712K, 11% used [0x0000000082a00000,0x00000000830089e8,0x0000000085c80000)
 Metaspace       used 20641K, capacity 21240K, committed 21296K, reserved 1067008K
  class space    used 2650K, capacity 2819K, committed 2864K, reserved 1048576K
}
Event: 1.855 GC heap before
{Heap before GC invocations=7 (full 1):
 PSYoungGen      total 70656K, used 65536K [0x00000000d6380000, 0x00000000dad80000, 0x0000000100000000)
  eden space 65536K, 100% used [0x00000000d6380000,0x00000000da380000,0x00000000da380000)
  from space 5120K, 0% used [0x00000000da380000,0x00000000da380000,0x00000000da880000)
  to   space 5120K, 0% used [0x00000000da880000,0x00000000da880000,0x00000000dad80000)
 ParOldGen       total 51712K, used 6178K [0x0000000082a00000, 0x0000000085c80000, 0x00000000d6380000)
  object space 51712K, 11% used [0x0000000082a00000,0x00000000830089e8,0x0000000085c80000)
 Metaspace       used 23019K, capacity 23742K, committed 23984K, reserved 1071104K
  class space    used 2982K, capacity 3182K, committed 3248K, reserved 1048576K
Event: 1.858 GC heap after
Heap after GC invocations=7 (full 1):
 PSYoungGen      total 70656K, used 4204K [0x00000000d6380000, 0x00000000dad80000, 0x0000000100000000)
  eden space 65536K, 0% used [0x00000000d6380000,0x00000000d6380000,0x00000000da380000)
  from space 5120K, 82% used [0x00000000da880000,0x00000000dac9b040,0x00000000dad80000)
  to   space 5120K, 0% used [0x00000000da380000,0x00000000da380000,0x00000000da880000)
 ParOldGen       total 51712K, used 6186K [0x0000000082a00000, 0x0000000085c80000, 0x00000000d6380000)
  object space 51712K, 11% used [0x0000000082a00000,0x000000008300a9e8,0x0000000085c80000)
 Metaspace       used 23019K, capacity 23742K, committed 23984K, reserved 1071104K
  class space    used 2982K, capacity 3182K, committed 3248K, reserved 1048576K
}

