# JRE version: Java(TM) SE Runtime Environment (8.0_201-b09) (build 1.8.0_201-b09)
# Java VM: Java HotSpot(TM) 64-Bit Server VM (25.201-b09 mixed mode windows-amd64 compressed oops)
Heap:
 PSYoungGen      total 204288K, used 84455K [0x00000000d6380000, 0x00000000e4200000, 0x0000000100000000)
  eden space 193536K, 38% used [0x00000000d6380000,0x00000000dab7e240,0x00000000e2080000)
  from space 10752K, 99% used [0x00000000e3780000,0x00000000e41fbb50,0x00000000e4200000)
  to   space 12800K, 0% used [0x00000000e2900000,0x00000000e2900000,0x00000000e3580000)
 ParOldGen       total 47616K, used 17630K [0x0000000082a00000, 0x0000000085880000, 0x00000000d6380000)
  object space 47616K, 37% used [0x0000000082a00000,0x0000000083b37af8,0x0000000085880000)
 Metaspace       used 50427K, capacity 52308K, committed 52568K, reserved 1095680K
  class space    used 6872K, capacity 7221K, committed 7256K, reserved 1048576K
GC Heap History (10 events):
Event: 1.882 GC heap before
{Heap before GC invocations=6 (full 1):
 PSYoungGen      total 70656K, used 5096K [0x00000000d6380000, 0x00000000df480000, 0x0000000100000000)
  eden space 65536K, 0% used [0x00000000d6380000,0x00000000d6380000,0x00000000da380000)
  from space 5120K, 99% used [0x00000000da380000,0x00000000da87a3e0,0x00000000da880000)
  to   space 8704K, 0% used [0x00000000dec00000,0x00000000dec00000,0x00000000df480000)
 ParOldGen       total 86016K, used 5239K [0x0000000082a00000, 0x0000000087e00000, 0x00000000d6380000)
  object space 86016K, 6% used [0x0000000082a00000,0x0000000082f1df80,0x0000000087e00000)
 Metaspace       used 20630K, capacity 21222K, committed 21248K, reserved 1067008K
  class space    used 2655K, capacity 2816K, committed 2816K, reserved 1048576K
Event: 1.911 GC heap after
Heap after GC invocations=6 (full 1):
 PSYoungGen      total 70656K, used 0K [0x00000000d6380000, 0x00000000df480000, 0x0000000100000000)
  eden space 65536K, 0% used [0x00000000d6380000,0x00000000d6380000,0x00000000da380000)
  from space 5120K, 0% used [0x00000000da380000,0x00000000da380000,0x00000000da880000)
  to   space 8704K, 0% used [0x00000000dec00000,0x00000000dec00000,0x00000000df480000)
 ParOldGen       total 47616K, used 5393K [0x0000000082a00000, 0x0000000085880000, 0x00000000d6380000)
  object space 47616K, 11% used [0x0000000082a00000,0x0000000082f44440,0x0000000085880000)
 Metaspace       used 20630K, capacity 21222K, committed 21248K, reserved 1067008K
  class space    used 2655K, capacity 2816K, committed 2816K, reserved 1048576K
}
Event: 2.245 GC heap before
{Heap before GC invocations=7 (full 1):
 PSYoungGen      total 70656K, used 65536K [0x00000000d6380000, 0x00000000df480000, 0x0000000100000000)
  eden space 65536K, 100% used [0x00000000d6380000,0x00000000da380000,0x00000000da380000)
  from space 5120K, 0% used [0x00000000da380000,0x00000000da380000,0x00000000da880000)
  to   space 8704K, 0% used [0x00000000dec00000,0x00000000dec00000,0x00000000df480000)
 ParOldGen       total 47616K, used 5393K [0x0000000082a00000, 0x0000000085880000, 0x00000000d6380000)
  object space 47616K, 11% used [0x0000000082a00000,0x0000000082f44480,0x0000000085880000)
 Metaspace       used 24565K, capacity 25296K, committed 25472K, reserved 1071104K
  class space    used 3189K, capacity 3369K, committed 3456K, reserved 1048576K
Event: 2.251 GC heap after
Heap after GC invocations=7 (full 1):
 PSYoungGen      total 122880K, used 4963K [0x00000000d6380000, 0x00000000df100000, 0x0000000100000000)
  eden space 117760K, 0% used [0x00000000d6380000,0x00000000d6380000,0x00000000dd680000)
  from space 5120K, 96% used [0x00000000dec00000,0x00000000df0d8c10,0x00000000df100000)
  to   space 8704K, 0% used [0x00000000de000000,0x00000000de000000,0x00000000de880000)
 ParOldGen       total 47616K, used 5465K [0x0000000082a00000, 0x0000000085880000, 0x00000000d6380000)
  object space 47616K, 11% used [0x0000000082a00000,0x0000000082f56490,0x0000000085880000)
 Metaspace       used 24565K, capacity 25296K, committed 25472K, reserved 1071104K
  class space    used 3189K, capacity 3369K, committed 3456K, reserved 1048576K
}
Event: 3.670 GC heap before
{Heap before GC invocations=8 (full 1):
 PSYoungGen      total 122880K, used 114903K [0x00000000d6380000, 0x00000000df100000, 0x0000000100000000)
  eden space 117760K, 93% used [0x00000000d6380000,0x00000000dcedd270,0x00000000dd680000)
  from space 5120K, 96% used [0x00000000dec00000,0x00000000df0d8c10,0x00000000df100000)
  to   space 8704K, 0% used [0x00000000de000000,0x00000000de000000,0x00000000de880000)
 ParOldGen       total 47616K, used 5465K [0x0000000082a00000, 0x0000000085880000, 0x00000000d6380000)
  object space 47616K, 11% used [0x0000000082a00000,0x0000000082f56490,0x0000000085880000)
 Metaspace       used 34091K, capacity 35320K, committed 35416K, reserved 1079296K
  class space    used 4395K, capacity 4671K, committed 4696K, reserved 1048576K
Event: 3.680 GC heap after
Heap after GC invocations=8 (full 1):
 PSYoungGen      total 136192K, used 8682K [0x00000000d6380000, 0x00000000e4200000, 0x0000000100000000)
  eden space 127488K, 0% used [0x00000000d6380000,0x00000000d6380000,0x00000000de000000)
  from space 8704K, 99% used [0x00000000de000000,0x00000000de87a9a8,0x00000000de880000)
  to   space 10752K, 0% used [0x00000000e3780000,0x00000000e3780000,0x00000000e4200000)
 ParOldGen       total 47616K, used 8248K [0x0000000082a00000, 0x0000000085880000, 0x00000000d6380000)
  object space 47616K, 17% used [0x0000000082a00000,0x000000008320e3d0,0x0000000085880000)
 Metaspace       used 34091K, capacity 35320K, committed 35416K, reserved 1079296K
  class space    used 4395K, capacity 4671K, committed 4696K, reserved 1048576K
}
Event: 3.680 GC heap before
{Heap before GC invocations=9 (full 2):
 PSYoungGen      total 136192K, used 8682K [0x00000000d6380000, 0x00000000e4200000, 0x0000000100000000)
  eden space 127488K, 0% used [0x00000000d6380000,0x00000000d6380000,0x00000000de000000)
  from space 8704K, 99% used [0x00000000de000000,0x00000000de87a9a8,0x00000000de880000)
  to   space 10752K, 0% used [0x00000000e3780000,0x00000000e3780000,0x00000000e4200000)
 ParOldGen       total 47616K, used 8248K [0x0000000082a00000, 0x0000000085880000, 0x00000000d6380000)
  object space 47616K, 17% used [0x0000000082a00000,0x000000008320e3d0,0x0000000085880000)
 Metaspace       used 34091K, capacity 35320K, committed 35416K, reserved 1079296K
  class space    used 4395K, capacity 4671K, committed 4696K, reserved 1048576K
Event: 3.774 GC heap after
Heap after GC invocations=9 (full 2):
 PSYoungGen      total 136192K, used 0K [0x00000000d6380000, 0x00000000e4200000, 0x0000000100000000)
  eden space 127488K, 0% used [0x00000000d6380000,0x00000000d6380000,0x00000000de000000)
  from space 8704K, 0% used [0x00000000de000000,0x00000000de000000,0x00000000de880000)
  to   space 10752K, 0% used [0x00000000e3780000,0x00000000e3780000,0x00000000e4200000)
 ParOldGen       total 47616K, used 16028K [0x0000000082a00000, 0x0000000085880000, 0x00000000d6380000)
  object space 47616K, 33% used [0x0000000082a00000,0x00000000839a7010,0x0000000085880000)
 Metaspace       used 34091K, capacity 35320K, committed 35416K, reserved 1079296K
  class space    used 4395K, capacity 4671K, committed 4696K, reserved 1048576K
}
Event: 5.092 GC heap before
{Heap before GC invocations=10 (full 2):
 PSYoungGen      total 136192K, used 127488K [0x00000000d6380000, 0x00000000e4200000, 0x0000000100000000)
  eden space 127488K, 100% used [0x00000000d6380000,0x00000000de000000,0x00000000de000000)
  from space 8704K, 0% used [0x00000000de000000,0x00000000de000000,0x00000000de880000)
  to   space 10752K, 0% used [0x00000000e3780000,0x00000000e3780000,0x00000000e4200000)
 ParOldGen       total 47616K, used 16033K [0x0000000082a00000, 0x0000000085880000, 0x00000000d6380000)
  object space 47616K, 33% used [0x0000000082a00000,0x00000000839a8658,0x0000000085880000)
 Metaspace       used 45480K, capacity 46886K, committed 47320K, reserved 1089536K
  class space    used 6225K, capacity 6516K, committed 6616K, reserved 1048576K
Event: 5.102 GC heap after
Heap after GC invocations=10 (full 2):
 PSYoungGen      total 204288K, used 10734K [0x00000000d6380000, 0x00000000e4200000, 0x0000000100000000)
  eden space 193536K, 0% used [0x00000000d6380000,0x00000000d6380000,0x00000000e2080000)
  from space 10752K, 99% used [0x00000000e3780000,0x00000000e41fbb50,0x00000000e4200000)
  to   space 12800K, 0% used [0x00000000e2900000,0x00000000e2900000,0x00000000e3580000)
 ParOldGen       total 47616K, used 17630K [0x0000000082a00000, 0x0000000085880000, 0x00000000d6380000)
  object space 47616K, 37% used [0x0000000082a00000,0x0000000083b37af8,0x0000000085880000)
 Metaspace       used 45480K, capacity 46886K, committed 47320K, reserved 1089536K
  class space    used 6225K, capacity 6516K, committed 6616K, reserved 1048576K
}

