# JRE version: Java(TM) SE Runtime Environment (8.0_201-b09) (build 1.8.0_201-b09)
# Java VM: Java HotSpot(TM) 64-Bit Server VM (25.201-b09 mixed mode windows-amd64 compressed oops)
Heap:
 PSYoungGen      total 108544K, used 44321K [0x00000000d6380000, 0x00000000e0900000, 0x0000000100000000)
  eden space 98304K, 45% used [0x00000000d6380000,0x00000000d8ec8518,0x00000000dc380000)
  from space 10240K, 0% used [0x00000000dc380000,0x00000000dc380000,0x00000000dcd80000)
  to   space 12800K, 0% used [0x00000000dfc80000,0x00000000dfc80000,0x00000000e0900000)
 ParOldGen       total 95232K, used 16652K [0x0000000082a00000, 0x0000000088700000, 0x00000000d6380000)
  object space 95232K, 17% used [0x0000000082a00000,0x0000000083a43050,0x0000000088700000)
 Metaspace       used 39072K, capacity 40754K, committed 41128K, reserved 1085440K
  class space    used 5090K, capacity 5422K, committed 5544K, reserved 1048576K
GC Heap History (10 events):
Event: 1.199 GC heap before
{Heap before GC invocations=5 (full 1):
 PSYoungGen      total 70656K, used 5093K [0x00000000d6380000, 0x00000000dad80000, 0x0000000100000000)
  eden space 65536K, 0% used [0x00000000d6380000,0x00000000d6380000,0x00000000da380000)
  from space 5120K, 99% used [0x00000000da880000,0x00000000dad79418,0x00000000dad80000)
  to   space 5120K, 0% used [0x00000000da380000,0x00000000da380000,0x00000000da880000)
 ParOldGen       total 86016K, used 6917K [0x0000000082a00000, 0x0000000087e00000, 0x00000000d6380000)
  object space 86016K, 8% used [0x0000000082a00000,0x00000000830c1558,0x0000000087e00000)
 Metaspace       used 20687K, capacity 21240K, committed 21296K, reserved 1067008K
  class space    used 2675K, capacity 2859K, committed 2864K, reserved 1048576K
Event: 1.225 GC heap after
Heap after GC invocations=5 (full 1):
 PSYoungGen      total 70656K, used 0K [0x00000000d6380000, 0x00000000dad80000, 0x0000000100000000)
  eden space 65536K, 0% used [0x00000000d6380000,0x00000000d6380000,0x00000000da380000)
  from space 5120K, 0% used [0x00000000da880000,0x00000000da880000,0x00000000dad80000)
  to   space 5120K, 0% used [0x00000000da380000,0x00000000da380000,0x00000000da880000)
 ParOldGen       total 58880K, used 7763K [0x0000000082a00000, 0x0000000086380000, 0x00000000d6380000)
  object space 58880K, 13% used [0x0000000082a00000,0x0000000083194fc8,0x0000000086380000)
 Metaspace       used 20685K, capacity 21234K, committed 21296K, reserved 1067008K
  class space    used 2674K, capacity 2858K, committed 2864K, reserved 1048576K
}
Event: 1.533 GC heap before
{Heap before GC invocations=6 (full 1):
 PSYoungGen      total 70656K, used 65536K [0x00000000d6380000, 0x00000000dad80000, 0x0000000100000000)
  eden space 65536K, 100% used [0x00000000d6380000,0x00000000da380000,0x00000000da380000)
  from space 5120K, 0% used [0x00000000da880000,0x00000000da880000,0x00000000dad80000)
  to   space 5120K, 0% used [0x00000000da380000,0x00000000da380000,0x00000000da880000)
 ParOldGen       total 58880K, used 7763K [0x0000000082a00000, 0x0000000086380000, 0x00000000d6380000)
  object space 58880K, 13% used [0x0000000082a00000,0x0000000083194fc8,0x0000000086380000)
 Metaspace       used 23747K, capacity 24472K, committed 24624K, reserved 1071104K
  class space    used 3062K, capacity 3265K, committed 3376K, reserved 1048576K
Event: 1.537 GC heap after
Heap after GC invocations=6 (full 1):
 PSYoungGen      total 70656K, used 4333K [0x00000000d6380000, 0x00000000dd780000, 0x0000000100000000)
  eden space 65536K, 0% used [0x00000000d6380000,0x00000000d6380000,0x00000000da380000)
  from space 5120K, 84% used [0x00000000da380000,0x00000000da7bb530,0x00000000da880000)
  to   space 9216K, 0% used [0x00000000dce80000,0x00000000dce80000,0x00000000dd780000)
 ParOldGen       total 58880K, used 7835K [0x0000000082a00000, 0x0000000086380000, 0x00000000d6380000)
  object space 58880K, 13% used [0x0000000082a00000,0x00000000831a6fd8,0x0000000086380000)
 Metaspace       used 23747K, capacity 24472K, committed 24624K, reserved 1071104K
  class space    used 3062K, capacity 3265K, committed 3376K, reserved 1048576K
}
Event: 2.348 GC heap before
{Heap before GC invocations=7 (full 1):
 PSYoungGen      total 70656K, used 69869K [0x00000000d6380000, 0x00000000dd780000, 0x0000000100000000)
  eden space 65536K, 100% used [0x00000000d6380000,0x00000000da380000,0x00000000da380000)
  from space 5120K, 84% used [0x00000000da380000,0x00000000da7bb530,0x00000000da880000)
  to   space 9216K, 0% used [0x00000000dce80000,0x00000000dce80000,0x00000000dd780000)
 ParOldGen       total 58880K, used 7835K [0x0000000082a00000, 0x0000000086380000, 0x00000000d6380000)
  object space 58880K, 13% used [0x0000000082a00000,0x00000000831a6fd8,0x0000000086380000)
 Metaspace       used 28455K, capacity 29610K, committed 29872K, reserved 1075200K
  class space    used 3703K, capacity 3968K, committed 4016K, reserved 1048576K
Event: 2.357 GC heap after
Heap after GC invocations=7 (full 1):
 PSYoungGen      total 107520K, used 9141K [0x00000000d6380000, 0x00000000dd780000, 0x0000000100000000)
  eden space 98304K, 0% used [0x00000000d6380000,0x00000000d6380000,0x00000000dc380000)
  from space 9216K, 99% used [0x00000000dce80000,0x00000000dd76d500,0x00000000dd780000)
  to   space 10240K, 0% used [0x00000000dc380000,0x00000000dc380000,0x00000000dcd80000)
 ParOldGen       total 58880K, used 7843K [0x0000000082a00000, 0x0000000086380000, 0x00000000d6380000)
  object space 58880K, 13% used [0x0000000082a00000,0x00000000831a8fd8,0x0000000086380000)
 Metaspace       used 28455K, capacity 29610K, committed 29872K, reserved 1075200K
  class space    used 3703K, capacity 3968K, committed 4016K, reserved 1048576K
}
Event: 3.273 GC heap before
{Heap before GC invocations=8 (full 1):
 PSYoungGen      total 107520K, used 99822K [0x00000000d6380000, 0x00000000dd780000, 0x0000000100000000)
  eden space 98304K, 92% used [0x00000000d6380000,0x00000000dbc0e300,0x00000000dc380000)
  from space 9216K, 99% used [0x00000000dce80000,0x00000000dd76d500,0x00000000dd780000)
  to   space 10240K, 0% used [0x00000000dc380000,0x00000000dc380000,0x00000000dcd80000)
 ParOldGen       total 58880K, used 7843K [0x0000000082a00000, 0x0000000086380000, 0x00000000d6380000)
  object space 58880K, 13% used [0x0000000082a00000,0x00000000831a8fd8,0x0000000086380000)
 Metaspace       used 33736K, capacity 35348K, committed 35496K, reserved 1079296K
  class space    used 4343K, capacity 4659K, committed 4776K, reserved 1048576K
Event: 3.283 GC heap after
Heap after GC invocations=8 (full 1):
 PSYoungGen      total 108544K, used 10236K [0x00000000d6380000, 0x00000000e0900000, 0x0000000100000000)
  eden space 98304K, 0% used [0x00000000d6380000,0x00000000d6380000,0x00000000dc380000)
  from space 10240K, 99% used [0x00000000dc380000,0x00000000dcd7f358,0x00000000dcd80000)
  to   space 12800K, 0% used [0x00000000dfc80000,0x00000000dfc80000,0x00000000e0900000)
 ParOldGen       total 58880K, used 9622K [0x0000000082a00000, 0x0000000086380000, 0x00000000d6380000)
  object space 58880K, 16% used [0x0000000082a00000,0x0000000083365bc8,0x0000000086380000)
 Metaspace       used 33736K, capacity 35348K, committed 35496K, reserved 1079296K
  class space    used 4343K, capacity 4659K, committed 4776K, reserved 1048576K
}
Event: 3.283 GC heap before
{Heap before GC invocations=9 (full 2):
 PSYoungGen      total 108544K, used 10236K [0x00000000d6380000, 0x00000000e0900000, 0x0000000100000000)
  eden space 98304K, 0% used [0x00000000d6380000,0x00000000d6380000,0x00000000dc380000)
  from space 10240K, 99% used [0x00000000dc380000,0x00000000dcd7f358,0x00000000dcd80000)
  to   space 12800K, 0% used [0x00000000dfc80000,0x00000000dfc80000,0x00000000e0900000)
 ParOldGen       total 58880K, used 9622K [0x0000000082a00000, 0x0000000086380000, 0x00000000d6380000)
  object space 58880K, 16% used [0x0000000082a00000,0x0000000083365bc8,0x0000000086380000)
 Metaspace       used 33736K, capacity 35348K, committed 35496K, reserved 1079296K
  class space    used 4343K, capacity 4659K, committed 4776K, reserved 1048576K
Event: 3.342 GC heap after
Heap after GC invocations=9 (full 2):
 PSYoungGen      total 108544K, used 0K [0x00000000d6380000, 0x00000000e0900000, 0x0000000100000000)
  eden space 98304K, 0% used [0x00000000d6380000,0x00000000d6380000,0x00000000dc380000)
  from space 10240K, 0% used [0x00000000dc380000,0x00000000dc380000,0x00000000dcd80000)
  to   space 12800K, 0% used [0x00000000dfc80000,0x00000000dfc80000,0x00000000e0900000)
 ParOldGen       total 95232K, used 16652K [0x0000000082a00000, 0x0000000088700000, 0x00000000d6380000)
  object space 95232K, 17% used [0x0000000082a00000,0x0000000083a43050,0x0000000088700000)
 Metaspace       used 33736K, capacity 35348K, committed 35496K, reserved 1079296K
  class space    used 4343K, capacity 4659K, committed 4776K, reserved 1048576K
}

