# JRE version: Java(TM) SE Runtime Environment (8.0_201-b09) (build 1.8.0_201-b09)
# Java VM: Java HotSpot(TM) 64-Bit Server VM (25.201-b09 mixed mode windows-amd64 compressed oops)
Heap:
 PSYoungGen      total 182784K, used 61535K [0x00000000d6380000, 0x00000000e3a80000, 0x0000000100000000)
  eden space 164864K, 37% used [0x00000000d6380000,0x00000000d9f97cb8,0x00000000e0480000)
  from space 17920K, 0% used [0x00000000e1600000,0x00000000e1600000,0x00000000e2780000)
  to   space 17920K, 0% used [0x00000000e0480000,0x00000000e0480000,0x00000000e1600000)
 ParOldGen       total 130560K, used 23592K [0x0000000082a00000, 0x000000008a980000, 0x00000000d6380000)
  object space 130560K, 18% used [0x0000000082a00000,0x000000008410a0e0,0x000000008a980000)
 Metaspace       used 61444K, capacity 64474K, committed 64664K, reserved 1105920K
  class space    used 8274K, capacity 8778K, committed 8856K, reserved 1048576K
GC Heap History (10 events):
Event: 3.875 GC heap before
{Heap before GC invocations=9 (full 2):
 PSYoungGen      total 108544K, used 10229K [0x00000000d6380000, 0x00000000e0900000, 0x0000000100000000)
  eden space 98304K, 0% used [0x00000000d6380000,0x00000000d6380000,0x00000000dc380000)
  from space 10240K, 99% used [0x00000000dc380000,0x00000000dcd7d490,0x00000000dcd80000)
  to   space 12800K, 0% used [0x00000000dfc80000,0x00000000dfc80000,0x00000000e0900000)
 ParOldGen       total 56832K, used 7977K [0x0000000082a00000, 0x0000000086180000, 0x00000000d6380000)
  object space 56832K, 14% used [0x0000000082a00000,0x00000000831ca730,0x0000000086180000)
 Metaspace       used 33811K, capacity 35354K, committed 35496K, reserved 1079296K
  class space    used 4355K, capacity 4660K, committed 4776K, reserved 1048576K
Event: 3.957 GC heap after
Heap after GC invocations=9 (full 2):
 PSYoungGen      total 108544K, used 0K [0x00000000d6380000, 0x00000000e0900000, 0x0000000100000000)
  eden space 98304K, 0% used [0x00000000d6380000,0x00000000d6380000,0x00000000dc380000)
  from space 10240K, 0% used [0x00000000dc380000,0x00000000dc380000,0x00000000dcd80000)
  to   space 12800K, 0% used [0x00000000dfc80000,0x00000000dfc80000,0x00000000e0900000)
 ParOldGen       total 96256K, used 16362K [0x0000000082a00000, 0x0000000088800000, 0x00000000d6380000)
  object space 96256K, 16% used [0x0000000082a00000,0x00000000839fa9c8,0x0000000088800000)
 Metaspace       used 33811K, capacity 35354K, committed 35496K, reserved 1079296K
  class space    used 4355K, capacity 4660K, committed 4776K, reserved 1048576K
}
Event: 5.144 GC heap before
{Heap before GC invocations=10 (full 2):
 PSYoungGen      total 108544K, used 98304K [0x00000000d6380000, 0x00000000e0900000, 0x0000000100000000)
  eden space 98304K, 100% used [0x00000000d6380000,0x00000000dc380000,0x00000000dc380000)
  from space 10240K, 0% used [0x00000000dc380000,0x00000000dc380000,0x00000000dcd80000)
  to   space 12800K, 0% used [0x00000000dfc80000,0x00000000dfc80000,0x00000000e0900000)
 ParOldGen       total 96256K, used 16362K [0x0000000082a00000, 0x0000000088800000, 0x00000000d6380000)
  object space 96256K, 16% used [0x0000000082a00000,0x00000000839fa9c8,0x0000000088800000)
 Metaspace       used 44575K, capacity 46284K, committed 46504K, reserved 1089536K
  class space    used 5974K, capacity 6301K, committed 6312K, reserved 1048576K
Event: 5.162 GC heap after
Heap after GC invocations=10 (full 2):
 PSYoungGen      total 148480K, used 12738K [0x00000000d6380000, 0x00000000e0900000, 0x0000000100000000)
  eden space 135680K, 0% used [0x00000000d6380000,0x00000000d6380000,0x00000000de800000)
  from space 12800K, 99% used [0x00000000dfc80000,0x00000000e08f0938,0x00000000e0900000)
  to   space 14336K, 0% used [0x00000000ded00000,0x00000000ded00000,0x00000000dfb00000)
 ParOldGen       total 96256K, used 16370K [0x0000000082a00000, 0x0000000088800000, 0x00000000d6380000)
  object space 96256K, 17% used [0x0000000082a00000,0x00000000839fc9c8,0x0000000088800000)
 Metaspace       used 44575K, capacity 46284K, committed 46504K, reserved 1089536K
  class space    used 5974K, capacity 6301K, committed 6312K, reserved 1048576K
}
Event: 6.825 GC heap before
{Heap before GC invocations=11 (full 2):
 PSYoungGen      total 148480K, used 148418K [0x00000000d6380000, 0x00000000e0900000, 0x0000000100000000)
  eden space 135680K, 100% used [0x00000000d6380000,0x00000000de800000,0x00000000de800000)
  from space 12800K, 99% used [0x00000000dfc80000,0x00000000e08f0938,0x00000000e0900000)
  to   space 14336K, 0% used [0x00000000ded00000,0x00000000ded00000,0x00000000dfb00000)
 ParOldGen       total 96256K, used 16370K [0x0000000082a00000, 0x0000000088800000, 0x00000000d6380000)
  object space 96256K, 17% used [0x0000000082a00000,0x00000000839fc9c8,0x0000000088800000)
 Metaspace       used 55559K, capacity 58102K, committed 58280K, reserved 1099776K
  class space    used 7569K, capacity 8006K, committed 8104K, reserved 1048576K
Event: 6.842 GC heap after
Heap after GC invocations=11 (full 2):
 PSYoungGen      total 155136K, used 14307K [0x00000000d6380000, 0x00000000e2780000, 0x0000000100000000)
  eden space 140800K, 0% used [0x00000000d6380000,0x00000000d6380000,0x00000000ded00000)
  from space 14336K, 99% used [0x00000000ded00000,0x00000000dfaf8d50,0x00000000dfb00000)
  to   space 17920K, 0% used [0x00000000e1600000,0x00000000e1600000,0x00000000e2780000)
 ParOldGen       total 96256K, used 19867K [0x0000000082a00000, 0x0000000088800000, 0x00000000d6380000)
  object space 96256K, 20% used [0x0000000082a00000,0x0000000083d66f30,0x0000000088800000)
 Metaspace       used 55559K, capacity 58102K, committed 58280K, reserved 1099776K
  class space    used 7569K, capacity 8006K, committed 8104K, reserved 1048576K
}
Event: 7.032 GC heap before
{Heap before GC invocations=12 (full 2):
 PSYoungGen      total 155136K, used 30014K [0x00000000d6380000, 0x00000000e2780000, 0x0000000100000000)
  eden space 140800K, 11% used [0x00000000d6380000,0x00000000d72d6e88,0x00000000ded00000)
  from space 14336K, 99% used [0x00000000ded00000,0x00000000dfaf8d50,0x00000000dfb00000)
  to   space 17920K, 0% used [0x00000000e1600000,0x00000000e1600000,0x00000000e2780000)
 ParOldGen       total 96256K, used 19867K [0x0000000082a00000, 0x0000000088800000, 0x00000000d6380000)
  object space 96256K, 20% used [0x0000000082a00000,0x0000000083d66f30,0x0000000088800000)
 Metaspace       used 56422K, capacity 59058K, committed 59160K, reserved 1099776K
  class space    used 7682K, capacity 8114K, committed 8216K, reserved 1048576K
Event: 7.046 GC heap after
Heap after GC invocations=12 (full 2):
 PSYoungGen      total 182784K, used 11275K [0x00000000d6380000, 0x00000000e3a80000, 0x0000000100000000)
  eden space 164864K, 0% used [0x00000000d6380000,0x00000000d6380000,0x00000000e0480000)
  from space 17920K, 62% used [0x00000000e1600000,0x00000000e2102c40,0x00000000e2780000)
  to   space 17920K, 0% used [0x00000000e0480000,0x00000000e0480000,0x00000000e1600000)
 ParOldGen       total 96256K, used 19875K [0x0000000082a00000, 0x0000000088800000, 0x00000000d6380000)
  object space 96256K, 20% used [0x0000000082a00000,0x0000000083d68f30,0x0000000088800000)
 Metaspace       used 56422K, capacity 59058K, committed 59160K, reserved 1099776K
  class space    used 7682K, capacity 8114K, committed 8216K, reserved 1048576K
}
Event: 7.046 GC heap before
{Heap before GC invocations=13 (full 3):
 PSYoungGen      total 182784K, used 11275K [0x00000000d6380000, 0x00000000e3a80000, 0x0000000100000000)
  eden space 164864K, 0% used [0x00000000d6380000,0x00000000d6380000,0x00000000e0480000)
  from space 17920K, 62% used [0x00000000e1600000,0x00000000e2102c40,0x00000000e2780000)
  to   space 17920K, 0% used [0x00000000e0480000,0x00000000e0480000,0x00000000e1600000)
 ParOldGen       total 96256K, used 19875K [0x0000000082a00000, 0x0000000088800000, 0x00000000d6380000)
  object space 96256K, 20% used [0x0000000082a00000,0x0000000083d68f30,0x0000000088800000)
 Metaspace       used 56422K, capacity 59058K, committed 59160K, reserved 1099776K
  class space    used 7682K, capacity 8114K, committed 8216K, reserved 1048576K
Event: 7.216 GC heap after
Heap after GC invocations=13 (full 3):
 PSYoungGen      total 182784K, used 0K [0x00000000d6380000, 0x00000000e3a80000, 0x0000000100000000)
  eden space 164864K, 0% used [0x00000000d6380000,0x00000000d6380000,0x00000000e0480000)
  from space 17920K, 0% used [0x00000000e1600000,0x00000000e1600000,0x00000000e2780000)
  to   space 17920K, 0% used [0x00000000e0480000,0x00000000e0480000,0x00000000e1600000)
 ParOldGen       total 130560K, used 23592K [0x0000000082a00000, 0x000000008a980000, 0x00000000d6380000)
  object space 130560K, 18% used [0x0000000082a00000,0x000000008410a0e0,0x000000008a980000)
 Metaspace       used 56422K, capacity 59058K, committed 59160K, reserved 1099776K
  class space    used 7682K, capacity 8114K, committed 8216K, reserved 1048576K
}

