# JRE version: Java(TM) SE Runtime Environment (8.0_201-b09) (build 1.8.0_201-b09)
# Java VM: Java HotSpot(TM) 64-Bit Server VM (25.201-b09 mixed mode windows-amd64 compressed oops)
Heap:
 PSYoungGen      total 119808K, used 28941K [0x00000000d6380000, 0x00000000e4280000, 0x0000000100000000)
  eden space 114688K, 20% used [0x00000000d6380000,0x00000000d7ac4da0,0x00000000dd380000)
  from space 5120K, 99% used [0x00000000de880000,0x00000000ded7e680,0x00000000ded80000)
  to   space 21504K, 0% used [0x00000000dd380000,0x00000000dd380000,0x00000000de880000)
 ParOldGen       total 82944K, used 38011K [0x0000000082a00000, 0x0000000087b00000, 0x00000000d6380000)
  object space 82944K, 45% used [0x0000000082a00000,0x0000000084f1ec58,0x0000000087b00000)
 Metaspace       used 24444K, capacity 24946K, committed 25088K, reserved 1071104K
  class space    used 2824K, capacity 2974K, committed 3072K, reserved 1048576K
GC Heap History (10 events):
Event: 2.386 GC heap before
{Heap before GC invocations=3 (full 0):
 PSYoungGen      total 70656K, used 70638K [0x00000000d6380000, 0x00000000dad80000, 0x0000000100000000)
  eden space 65536K, 100% used [0x00000000d6380000,0x00000000da380000,0x00000000da380000)
  from space 5120K, 99% used [0x00000000da880000,0x00000000dad7bbc8,0x00000000dad80000)
  to   space 5120K, 0% used [0x00000000da380000,0x00000000da380000,0x00000000da880000)
 ParOldGen       total 86016K, used 1885K [0x0000000082a00000, 0x0000000087e00000, 0x00000000d6380000)
  object space 86016K, 2% used [0x0000000082a00000,0x0000000082bd7798,0x0000000087e00000)
 Metaspace       used 15112K, capacity 15342K, committed 15616K, reserved 1062912K
  class space    used 1836K, capacity 1941K, committed 2048K, reserved 1048576K
Event: 2.396 GC heap after
Heap after GC invocations=3 (full 0):
 PSYoungGen      total 70656K, used 5104K [0x00000000d6380000, 0x00000000ded80000, 0x0000000100000000)
  eden space 65536K, 0% used [0x00000000d6380000,0x00000000d6380000,0x00000000da380000)
  from space 5120K, 99% used [0x00000000da380000,0x00000000da87c010,0x00000000da880000)
  to   space 5120K, 0% used [0x00000000de880000,0x00000000de880000,0x00000000ded80000)
 ParOldGen       total 86016K, used 8244K [0x0000000082a00000, 0x0000000087e00000, 0x00000000d6380000)
  object space 86016K, 9% used [0x0000000082a00000,0x000000008320d388,0x0000000087e00000)
 Metaspace       used 15112K, capacity 15342K, committed 15616K, reserved 1062912K
  class space    used 1836K, capacity 1941K, committed 2048K, reserved 1048576K
}
Event: 2.908 GC heap before
{Heap before GC invocations=4 (full 0):
 PSYoungGen      total 70656K, used 70640K [0x00000000d6380000, 0x00000000ded80000, 0x0000000100000000)
  eden space 65536K, 100% used [0x00000000d6380000,0x00000000da380000,0x00000000da380000)
  from space 5120K, 99% used [0x00000000da380000,0x00000000da87c010,0x00000000da880000)
  to   space 5120K, 0% used [0x00000000de880000,0x00000000de880000,0x00000000ded80000)
 ParOldGen       total 86016K, used 8244K [0x0000000082a00000, 0x0000000087e00000, 0x00000000d6380000)
  object space 86016K, 9% used [0x0000000082a00000,0x000000008320d388,0x0000000087e00000)
 Metaspace       used 15433K, capacity 15728K, committed 15872K, reserved 1062912K
  class space    used 1852K, capacity 1952K, committed 2048K, reserved 1048576K
Event: 2.918 GC heap after
Heap after GC invocations=4 (full 0):
 PSYoungGen      total 136192K, used 5104K [0x00000000d6380000, 0x00000000ded80000, 0x0000000100000000)
  eden space 131072K, 0% used [0x00000000d6380000,0x00000000d6380000,0x00000000de380000)
  from space 5120K, 99% used [0x00000000de880000,0x00000000ded7c010,0x00000000ded80000)
  to   space 5120K, 0% used [0x00000000de380000,0x00000000de380000,0x00000000de880000)
 ParOldGen       total 86016K, used 13854K [0x0000000082a00000, 0x0000000087e00000, 0x00000000d6380000)
  object space 86016K, 16% used [0x0000000082a00000,0x0000000083787a48,0x0000000087e00000)
 Metaspace       used 15433K, capacity 15728K, committed 15872K, reserved 1062912K
  class space    used 1852K, capacity 1952K, committed 2048K, reserved 1048576K
}
Event: 4.472 GC heap before
{Heap before GC invocations=5 (full 0):
 PSYoungGen      total 136192K, used 108239K [0x00000000d6380000, 0x00000000ded80000, 0x0000000100000000)
  eden space 131072K, 78% used [0x00000000d6380000,0x00000000dc837fd8,0x00000000de380000)
  from space 5120K, 99% used [0x00000000de880000,0x00000000ded7c010,0x00000000ded80000)
  to   space 5120K, 0% used [0x00000000de380000,0x00000000de380000,0x00000000de880000)
 ParOldGen       total 86016K, used 13854K [0x0000000082a00000, 0x0000000087e00000, 0x00000000d6380000)
  object space 86016K, 16% used [0x0000000082a00000,0x0000000083787a48,0x0000000087e00000)
 Metaspace       used 20637K, capacity 21076K, committed 21296K, reserved 1069056K
  class space    used 2466K, capacity 2586K, committed 2688K, reserved 1048576K
Event: 4.484 GC heap after
Heap after GC invocations=5 (full 0):
 PSYoungGen      total 136192K, used 5120K [0x00000000d6380000, 0x00000000ded80000, 0x0000000100000000)
  eden space 131072K, 0% used [0x00000000d6380000,0x00000000d6380000,0x00000000de380000)
  from space 5120K, 100% used [0x00000000de380000,0x00000000de880000,0x00000000de880000)
  to   space 5120K, 0% used [0x00000000de880000,0x00000000de880000,0x00000000ded80000)
 ParOldGen       total 86016K, used 21070K [0x0000000082a00000, 0x0000000087e00000, 0x00000000d6380000)
  object space 86016K, 24% used [0x0000000082a00000,0x0000000083e939a0,0x0000000087e00000)
 Metaspace       used 20637K, capacity 21076K, committed 21296K, reserved 1069056K
  class space    used 2466K, capacity 2586K, committed 2688K, reserved 1048576K
}
Event: 4.484 GC heap before
{Heap before GC invocations=6 (full 1):
 PSYoungGen      total 136192K, used 5120K [0x00000000d6380000, 0x00000000ded80000, 0x0000000100000000)
  eden space 131072K, 0% used [0x00000000d6380000,0x00000000d6380000,0x00000000de380000)
  from space 5120K, 100% used [0x00000000de380000,0x00000000de880000,0x00000000de880000)
  to   space 5120K, 0% used [0x00000000de880000,0x00000000de880000,0x00000000ded80000)
 ParOldGen       total 86016K, used 21070K [0x0000000082a00000, 0x0000000087e00000, 0x00000000d6380000)
  object space 86016K, 24% used [0x0000000082a00000,0x0000000083e939a0,0x0000000087e00000)
 Metaspace       used 20637K, capacity 21076K, committed 21296K, reserved 1069056K
  class space    used 2466K, capacity 2586K, committed 2688K, reserved 1048576K
Event: 4.580 GC heap after
Heap after GC invocations=6 (full 1):
 PSYoungGen      total 136192K, used 0K [0x00000000d6380000, 0x00000000ded80000, 0x0000000100000000)
  eden space 131072K, 0% used [0x00000000d6380000,0x00000000d6380000,0x00000000de380000)
  from space 5120K, 0% used [0x00000000de380000,0x00000000de380000,0x00000000de880000)
  to   space 5120K, 0% used [0x00000000de880000,0x00000000de880000,0x00000000ded80000)
 ParOldGen       total 82944K, used 20949K [0x0000000082a00000, 0x0000000087b00000, 0x00000000d6380000)
  object space 82944K, 25% used [0x0000000082a00000,0x0000000083e756e8,0x0000000087b00000)
 Metaspace       used 20637K, capacity 21076K, committed 21296K, reserved 1069056K
  class space    used 2466K, capacity 2586K, committed 2688K, reserved 1048576K
}
Event: 6.228 GC heap before
{Heap before GC invocations=7 (full 1):
 PSYoungGen      total 136192K, used 131072K [0x00000000d6380000, 0x00000000ded80000, 0x0000000100000000)
  eden space 131072K, 100% used [0x00000000d6380000,0x00000000de380000,0x00000000de380000)
  from space 5120K, 0% used [0x00000000de380000,0x00000000de380000,0x00000000de880000)
  to   space 5120K, 0% used [0x00000000de880000,0x00000000de880000,0x00000000ded80000)
 ParOldGen       total 82944K, used 20949K [0x0000000082a00000, 0x0000000087b00000, 0x00000000d6380000)
  object space 82944K, 25% used [0x0000000082a00000,0x0000000083e756e8,0x0000000087b00000)
 Metaspace       used 24003K, capacity 24530K, committed 24704K, reserved 1071104K
  class space    used 2779K, capacity 2942K, committed 2944K, reserved 1048576K
Event: 6.246 GC heap after
Heap after GC invocations=7 (full 1):
 PSYoungGen      total 119808K, used 5113K [0x00000000d6380000, 0x00000000e4280000, 0x0000000100000000)
  eden space 114688K, 0% used [0x00000000d6380000,0x00000000d6380000,0x00000000dd380000)
  from space 5120K, 99% used [0x00000000de880000,0x00000000ded7e680,0x00000000ded80000)
  to   space 21504K, 0% used [0x00000000dd380000,0x00000000dd380000,0x00000000de880000)
 ParOldGen       total 82944K, used 38011K [0x0000000082a00000, 0x0000000087b00000, 0x00000000d6380000)
  object space 82944K, 45% used [0x0000000082a00000,0x0000000084f1ec58,0x0000000087b00000)
 Metaspace       used 24003K, capacity 24530K, committed 24704K, reserved 1071104K
  class space    used 2779K, capacity 2942K, committed 2944K, reserved 1048576K
}

