# JRE version: Java(TM) SE Runtime Environment (8.0_201-b09) (build 1.8.0_201-b09)
# Java VM: Java HotSpot(TM) 64-Bit Server VM (25.201-b09 mixed mode windows-amd64 compressed oops)
Heap:
 PSYoungGen      total 121856K, used 23452K [0x00000000d6380000, 0x00000000df280000, 0x0000000100000000)
  eden space 114176K, 13% used [0x00000000d6380000,0x00000000d72ea2d8,0x00000000dd300000)
  from space 7680K, 99% used [0x00000000deb00000,0x00000000df27cda8,0x00000000df280000)
  to   space 8192K, 0% used [0x00000000de280000,0x00000000de280000,0x00000000dea80000)
 ParOldGen       total 48640K, used 5686K [0x0000000082a00000, 0x0000000085980000, 0x00000000d6380000)
  object space 48640K, 11% used [0x0000000082a00000,0x0000000082f8d878,0x0000000085980000)
 Metaspace       used 28607K, capacity 29406K, committed 29616K, reserved 1075200K
  class space    used 3755K, capacity 3950K, committed 4016K, reserved 1048576K
GC Heap History (10 events):
Event: 1.210 GC heap before
{Heap before GC invocations=3 (full 0):
 PSYoungGen      total 37888K, used 37867K [0x00000000d6380000, 0x00000000dad80000, 0x0000000100000000)
  eden space 32768K, 100% used [0x00000000d6380000,0x00000000d8380000,0x00000000d8380000)
  from space 5120K, 99% used [0x00000000d8880000,0x00000000d8d7acf0,0x00000000d8d80000)
  to   space 5120K, 0% used [0x00000000d8380000,0x00000000d8380000,0x00000000d8880000)
 ParOldGen       total 86016K, used 666K [0x0000000082a00000, 0x0000000087e00000, 0x00000000d6380000)
  object space 86016K, 0% used [0x0000000082a00000,0x0000000082aa6ab8,0x0000000087e00000)
 Metaspace       used 16617K, capacity 17006K, committed 17280K, reserved 1064960K
  class space    used 2003K, capacity 2131K, committed 2176K, reserved 1048576K
Event: 1.215 GC heap after
Heap after GC invocations=3 (full 0):
 PSYoungGen      total 37888K, used 5099K [0x00000000d6380000, 0x00000000dad80000, 0x0000000100000000)
  eden space 32768K, 0% used [0x00000000d6380000,0x00000000d6380000,0x00000000d8380000)
  from space 5120K, 99% used [0x00000000d8380000,0x00000000d887acd0,0x00000000d8880000)
  to   space 5120K, 0% used [0x00000000da880000,0x00000000da880000,0x00000000dad80000)
 ParOldGen       total 86016K, used 1915K [0x0000000082a00000, 0x0000000087e00000, 0x00000000d6380000)
  object space 86016K, 2% used [0x0000000082a00000,0x0000000082bded00,0x0000000087e00000)
 Metaspace       used 16617K, capacity 17006K, committed 17280K, reserved 1064960K
  class space    used 2003K, capacity 2131K, committed 2176K, reserved 1048576K
}
Event: 1.437 GC heap before
{Heap before GC invocations=4 (full 0):
 PSYoungGen      total 37888K, used 37867K [0x00000000d6380000, 0x00000000dad80000, 0x0000000100000000)
  eden space 32768K, 100% used [0x00000000d6380000,0x00000000d8380000,0x00000000d8380000)
  from space 5120K, 99% used [0x00000000d8380000,0x00000000d887acd0,0x00000000d8880000)
  to   space 5120K, 0% used [0x00000000da880000,0x00000000da880000,0x00000000dad80000)
 ParOldGen       total 86016K, used 1915K [0x0000000082a00000, 0x0000000087e00000, 0x00000000d6380000)
  object space 86016K, 2% used [0x0000000082a00000,0x0000000082bded00,0x0000000087e00000)
 Metaspace       used 19596K, capacity 20172K, committed 20352K, reserved 1067008K
  class space    used 2520K, capacity 2677K, committed 2688K, reserved 1048576K
Event: 1.444 GC heap after
Heap after GC invocations=4 (full 0):
 PSYoungGen      total 70656K, used 5105K [0x00000000d6380000, 0x00000000dad80000, 0x0000000100000000)
  eden space 65536K, 0% used [0x00000000d6380000,0x00000000d6380000,0x00000000da380000)
  from space 5120K, 99% used [0x00000000da880000,0x00000000dad7c690,0x00000000dad80000)
  to   space 5120K, 0% used [0x00000000da380000,0x00000000da380000,0x00000000da880000)
 ParOldGen       total 86016K, used 3845K [0x0000000082a00000, 0x0000000087e00000, 0x00000000d6380000)
  object space 86016K, 4% used [0x0000000082a00000,0x0000000082dc15e0,0x0000000087e00000)
 Metaspace       used 19596K, capacity 20172K, committed 20352K, reserved 1067008K
  class space    used 2520K, capacity 2677K, committed 2688K, reserved 1048576K
}
Event: 1.524 GC heap before
{Heap before GC invocations=5 (full 0):
 PSYoungGen      total 70656K, used 17978K [0x00000000d6380000, 0x00000000dad80000, 0x0000000100000000)
  eden space 65536K, 19% used [0x00000000d6380000,0x00000000d7012290,0x00000000da380000)
  from space 5120K, 99% used [0x00000000da880000,0x00000000dad7c690,0x00000000dad80000)
  to   space 5120K, 0% used [0x00000000da380000,0x00000000da380000,0x00000000da880000)
 ParOldGen       total 86016K, used 3845K [0x0000000082a00000, 0x0000000087e00000, 0x00000000d6380000)
  object space 86016K, 4% used [0x0000000082a00000,0x0000000082dc15e0,0x0000000087e00000)
 Metaspace       used 20689K, capacity 21206K, committed 21296K, reserved 1067008K
  class space    used 2675K, capacity 2822K, committed 2864K, reserved 1048576K
Event: 1.542 GC heap after
Heap after GC invocations=5 (full 0):
 PSYoungGen      total 70656K, used 5100K [0x00000000d6380000, 0x00000000df280000, 0x0000000100000000)
  eden space 65536K, 0% used [0x00000000d6380000,0x00000000d6380000,0x00000000da380000)
  from space 5120K, 99% used [0x00000000da380000,0x00000000da87b190,0x00000000da880000)
  to   space 7680K, 0% used [0x00000000deb00000,0x00000000deb00000,0x00000000df280000)
 ParOldGen       total 86016K, used 4558K [0x0000000082a00000, 0x0000000087e00000, 0x00000000d6380000)
  object space 86016K, 5% used [0x0000000082a00000,0x0000000082e73910,0x0000000087e00000)
 Metaspace       used 20689K, capacity 21206K, committed 21296K, reserved 1067008K
  class space    used 2675K, capacity 2822K, committed 2864K, reserved 1048576K
}
Event: 1.542 GC heap before
{Heap before GC invocations=6 (full 1):
 PSYoungGen      total 70656K, used 5100K [0x00000000d6380000, 0x00000000df280000, 0x0000000100000000)
  eden space 65536K, 0% used [0x00000000d6380000,0x00000000d6380000,0x00000000da380000)
  from space 5120K, 99% used [0x00000000da380000,0x00000000da87b190,0x00000000da880000)
  to   space 7680K, 0% used [0x00000000deb00000,0x00000000deb00000,0x00000000df280000)
 ParOldGen       total 86016K, used 4558K [0x0000000082a00000, 0x0000000087e00000, 0x00000000d6380000)
  object space 86016K, 5% used [0x0000000082a00000,0x0000000082e73910,0x0000000087e00000)
 Metaspace       used 20689K, capacity 21206K, committed 21296K, reserved 1067008K
  class space    used 2675K, capacity 2822K, committed 2864K, reserved 1048576K
Event: 1.570 GC heap after
Heap after GC invocations=6 (full 1):
 PSYoungGen      total 70656K, used 0K [0x00000000d6380000, 0x00000000df280000, 0x0000000100000000)
  eden space 65536K, 0% used [0x00000000d6380000,0x00000000d6380000,0x00000000da380000)
  from space 5120K, 0% used [0x00000000da380000,0x00000000da380000,0x00000000da880000)
  to   space 7680K, 0% used [0x00000000deb00000,0x00000000deb00000,0x00000000df280000)
 ParOldGen       total 48640K, used 5597K [0x0000000082a00000, 0x0000000085980000, 0x00000000d6380000)
  object space 48640K, 11% used [0x0000000082a00000,0x0000000082f77458,0x0000000085980000)
 Metaspace       used 20689K, capacity 21206K, committed 21296K, reserved 1067008K
  class space    used 2675K, capacity 2822K, committed 2864K, reserved 1048576K
}
Event: 2.082 GC heap before
{Heap before GC invocations=7 (full 1):
 PSYoungGen      total 70656K, used 65536K [0x00000000d6380000, 0x00000000df280000, 0x0000000100000000)
  eden space 65536K, 100% used [0x00000000d6380000,0x00000000da380000,0x00000000da380000)
  from space 5120K, 0% used [0x00000000da380000,0x00000000da380000,0x00000000da880000)
  to   space 7680K, 0% used [0x00000000deb00000,0x00000000deb00000,0x00000000df280000)
 ParOldGen       total 48640K, used 5597K [0x0000000082a00000, 0x0000000085980000, 0x00000000d6380000)
  object space 48640K, 11% used [0x0000000082a00000,0x0000000082f77458,0x0000000085980000)
 Metaspace       used 27483K, capacity 28302K, committed 28336K, reserved 1073152K
  class space    used 3551K, capacity 3756K, committed 3760K, reserved 1048576K
Event: 2.090 GC heap after
Heap after GC invocations=7 (full 1):
 PSYoungGen      total 121856K, used 7667K [0x00000000d6380000, 0x00000000df280000, 0x0000000100000000)
  eden space 114176K, 0% used [0x00000000d6380000,0x00000000d6380000,0x00000000dd300000)
  from space 7680K, 99% used [0x00000000deb00000,0x00000000df27cda8,0x00000000df280000)
  to   space 8192K, 0% used [0x00000000de280000,0x00000000de280000,0x00000000dea80000)
 ParOldGen       total 48640K, used 5686K [0x0000000082a00000, 0x0000000085980000, 0x00000000d6380000)
  object space 48640K, 11% used [0x0000000082a00000,0x0000000082f8d878,0x0000000085980000)
 Metaspace       used 27483K, capacity 28302K, committed 28336K, reserved 1073152K
  class space    used 3551K, capacity 3756K, committed 3760K, reserved 1048576K
}

