# JRE version: Java(TM) SE Runtime Environment (8.0_201-b09) (build 1.8.0_201-b09)
# Java VM: Java HotSpot(TM) 64-Bit Server VM (25.201-b09 mixed mode windows-amd64 compressed oops)
Heap:
 PSYoungGen      total 186368K, used 43211K [0x00000000d6380000, 0x00000000e4100000, 0x0000000100000000)
  eden space 168448K, 25% used [0x00000000d6380000,0x00000000d8db2f30,0x00000000e0800000)
  from space 17920K, 0% used [0x00000000e1900000,0x00000000e1900000,0x00000000e2a80000)
  to   space 17408K, 0% used [0x00000000e0800000,0x00000000e0800000,0x00000000e1900000)
 ParOldGen       total 127488K, used 23524K [0x0000000082a00000, 0x000000008a680000, 0x00000000d6380000)
  object space 127488K, 18% used [0x0000000082a00000,0x00000000840f91a8,0x000000008a680000)
 Metaspace       used 60070K, capacity 62873K, committed 63000K, reserved 1103872K
  class space    used 8190K, capacity 8658K, committed 8728K, reserved 1048576K
GC Heap History (10 events):
Event: 2.868 GC heap before
{Heap before GC invocations=9 (full 2):
 PSYoungGen      total 109056K, used 10218K [0x00000000d6380000, 0x00000000e0c00000, 0x0000000100000000)
  eden space 98816K, 0% used [0x00000000d6380000,0x00000000d6380000,0x00000000dc400000)
  from space 10240K, 99% used [0x00000000dc400000,0x00000000dcdfaaa0,0x00000000dce00000)
  to   space 12800K, 0% used [0x00000000dff80000,0x00000000dff80000,0x00000000e0c00000)
 ParOldGen       total 56832K, used 8011K [0x0000000082a00000, 0x0000000086180000, 0x00000000d6380000)
  object space 56832K, 14% used [0x0000000082a00000,0x00000000831d2f80,0x0000000086180000)
 Metaspace       used 33794K, capacity 35354K, committed 35496K, reserved 1079296K
  class space    used 4346K, capacity 4660K, committed 4776K, reserved 1048576K
Event: 2.927 GC heap after
Heap after GC invocations=9 (full 2):
 PSYoungGen      total 109056K, used 0K [0x00000000d6380000, 0x00000000e0c00000, 0x0000000100000000)
  eden space 98816K, 0% used [0x00000000d6380000,0x00000000d6380000,0x00000000dc400000)
  from space 10240K, 0% used [0x00000000dc400000,0x00000000dc400000,0x00000000dce00000)
  to   space 12800K, 0% used [0x00000000dff80000,0x00000000dff80000,0x00000000e0c00000)
 ParOldGen       total 94720K, used 16340K [0x0000000082a00000, 0x0000000088680000, 0x00000000d6380000)
  object space 94720K, 17% used [0x0000000082a00000,0x00000000839f5140,0x0000000088680000)
 Metaspace       used 33794K, capacity 35354K, committed 35496K, reserved 1079296K
  class space    used 4346K, capacity 4660K, committed 4776K, reserved 1048576K
}
Event: 3.774 GC heap before
{Heap before GC invocations=10 (full 2):
 PSYoungGen      total 109056K, used 98816K [0x00000000d6380000, 0x00000000e0c00000, 0x0000000100000000)
  eden space 98816K, 100% used [0x00000000d6380000,0x00000000dc400000,0x00000000dc400000)
  from space 10240K, 0% used [0x00000000dc400000,0x00000000dc400000,0x00000000dce00000)
  to   space 12800K, 0% used [0x00000000dff80000,0x00000000dff80000,0x00000000e0c00000)
 ParOldGen       total 94720K, used 16340K [0x0000000082a00000, 0x0000000088680000, 0x00000000d6380000)
  object space 94720K, 17% used [0x0000000082a00000,0x00000000839f5140,0x0000000088680000)
 Metaspace       used 44714K, capacity 46412K, committed 46760K, reserved 1089536K
  class space    used 5985K, capacity 6301K, committed 6312K, reserved 1048576K
Event: 3.782 GC heap after
Heap after GC invocations=10 (full 2):
 PSYoungGen      total 150016K, used 12787K [0x00000000d6380000, 0x00000000e0c00000, 0x0000000100000000)
  eden space 137216K, 0% used [0x00000000d6380000,0x00000000d6380000,0x00000000de980000)
  from space 12800K, 99% used [0x00000000dff80000,0x00000000e0bfccb0,0x00000000e0c00000)
  to   space 14336K, 0% used [0x00000000df000000,0x00000000df000000,0x00000000dfe00000)
 ParOldGen       total 94720K, used 16381K [0x0000000082a00000, 0x0000000088680000, 0x00000000d6380000)
  object space 94720K, 17% used [0x0000000082a00000,0x00000000839ff780,0x0000000088680000)
 Metaspace       used 44714K, capacity 46412K, committed 46760K, reserved 1089536K
  class space    used 5985K, capacity 6301K, committed 6312K, reserved 1048576K
}
Event: 5.180 GC heap before
{Heap before GC invocations=11 (full 2):
 PSYoungGen      total 150016K, used 150003K [0x00000000d6380000, 0x00000000e0c00000, 0x0000000100000000)
  eden space 137216K, 100% used [0x00000000d6380000,0x00000000de980000,0x00000000de980000)
  from space 12800K, 99% used [0x00000000dff80000,0x00000000e0bfccb0,0x00000000e0c00000)
  to   space 14336K, 0% used [0x00000000df000000,0x00000000df000000,0x00000000dfe00000)
 ParOldGen       total 94720K, used 16381K [0x0000000082a00000, 0x0000000088680000, 0x00000000d6380000)
  object space 94720K, 17% used [0x0000000082a00000,0x00000000839ff780,0x0000000088680000)
 Metaspace       used 55858K, capacity 58322K, committed 58536K, reserved 1099776K
  class space    used 7595K, capacity 8024K, committed 8104K, reserved 1048576K
Event: 5.198 GC heap after
Heap after GC invocations=11 (full 2):
 PSYoungGen      total 158208K, used 14335K [0x00000000d6380000, 0x00000000e2a80000, 0x0000000100000000)
  eden space 143872K, 0% used [0x00000000d6380000,0x00000000d6380000,0x00000000df000000)
  from space 14336K, 99% used [0x00000000df000000,0x00000000dfdfff18,0x00000000dfe00000)
  to   space 17920K, 0% used [0x00000000e1900000,0x00000000e1900000,0x00000000e2a80000)
 ParOldGen       total 94720K, used 20163K [0x0000000082a00000, 0x0000000088680000, 0x00000000d6380000)
  object space 94720K, 21% used [0x0000000082a00000,0x0000000083db0d90,0x0000000088680000)
 Metaspace       used 55858K, capacity 58322K, committed 58536K, reserved 1099776K
  class space    used 7595K, capacity 8024K, committed 8104K, reserved 1048576K
}
Event: 5.303 GC heap before
{Heap before GC invocations=12 (full 2):
 PSYoungGen      total 158208K, used 27664K [0x00000000d6380000, 0x00000000e2a80000, 0x0000000100000000)
  eden space 143872K, 9% used [0x00000000d6380000,0x00000000d7084240,0x00000000df000000)
  from space 14336K, 99% used [0x00000000df000000,0x00000000dfdfff18,0x00000000dfe00000)
  to   space 17920K, 0% used [0x00000000e1900000,0x00000000e1900000,0x00000000e2a80000)
 ParOldGen       total 94720K, used 20163K [0x0000000082a00000, 0x0000000088680000, 0x00000000d6380000)
  object space 94720K, 21% used [0x0000000082a00000,0x0000000083db0d90,0x0000000088680000)
 Metaspace       used 56564K, capacity 59083K, committed 59160K, reserved 1099776K
  class space    used 7701K, capacity 8139K, committed 8216K, reserved 1048576K
Event: 5.313 GC heap after
Heap after GC invocations=12 (full 2):
 PSYoungGen      total 186368K, used 11070K [0x00000000d6380000, 0x00000000e4100000, 0x0000000100000000)
  eden space 168448K, 0% used [0x00000000d6380000,0x00000000d6380000,0x00000000e0800000)
  from space 17920K, 61% used [0x00000000e1900000,0x00000000e23cfaf0,0x00000000e2a80000)
  to   space 17408K, 0% used [0x00000000e0800000,0x00000000e0800000,0x00000000e1900000)
 ParOldGen       total 94720K, used 20171K [0x0000000082a00000, 0x0000000088680000, 0x00000000d6380000)
  object space 94720K, 21% used [0x0000000082a00000,0x0000000083db2d90,0x0000000088680000)
 Metaspace       used 56564K, capacity 59083K, committed 59160K, reserved 1099776K
  class space    used 7701K, capacity 8139K, committed 8216K, reserved 1048576K
}
Event: 5.313 GC heap before
{Heap before GC invocations=13 (full 3):
 PSYoungGen      total 186368K, used 11070K [0x00000000d6380000, 0x00000000e4100000, 0x0000000100000000)
  eden space 168448K, 0% used [0x00000000d6380000,0x00000000d6380000,0x00000000e0800000)
  from space 17920K, 61% used [0x00000000e1900000,0x00000000e23cfaf0,0x00000000e2a80000)
  to   space 17408K, 0% used [0x00000000e0800000,0x00000000e0800000,0x00000000e1900000)
 ParOldGen       total 94720K, used 20171K [0x0000000082a00000, 0x0000000088680000, 0x00000000d6380000)
  object space 94720K, 21% used [0x0000000082a00000,0x0000000083db2d90,0x0000000088680000)
 Metaspace       used 56564K, capacity 59083K, committed 59160K, reserved 1099776K
  class space    used 7701K, capacity 8139K, committed 8216K, reserved 1048576K
Event: 5.475 GC heap after
Heap after GC invocations=13 (full 3):
 PSYoungGen      total 186368K, used 0K [0x00000000d6380000, 0x00000000e4100000, 0x0000000100000000)
  eden space 168448K, 0% used [0x00000000d6380000,0x00000000d6380000,0x00000000e0800000)
  from space 17920K, 0% used [0x00000000e1900000,0x00000000e1900000,0x00000000e2a80000)
  to   space 17408K, 0% used [0x00000000e0800000,0x00000000e0800000,0x00000000e1900000)
 ParOldGen       total 127488K, used 23524K [0x0000000082a00000, 0x000000008a680000, 0x00000000d6380000)
  object space 127488K, 18% used [0x0000000082a00000,0x00000000840f91a8,0x000000008a680000)
 Metaspace       used 56564K, capacity 59083K, committed 59160K, reserved 1099776K
  class space    used 7701K, capacity 8139K, committed 8216K, reserved 1048576K
}

