# JRE version: Java(TM) SE Runtime Environment (8.0_201-b09) (build 1.8.0_201-b09)
# Java VM: Java HotSpot(TM) 64-Bit Server VM (25.201-b09 mixed mode windows-amd64 compressed oops)
Heap:
 PSYoungGen      total 193024K, used 34652K [0x00000000d6380000, 0x00000000e2f80000, 0x0000000100000000)
  eden space 185344K, 14% used [0x00000000d6380000,0x00000000d7ea45d8,0x00000000e1880000)
  from space 7680K, 89% used [0x00000000e2800000,0x00000000e2eb2d80,0x00000000e2f80000)
  to   space 11776K, 0% used [0x00000000e1880000,0x00000000e1880000,0x00000000e2400000)
 ParOldGen       total 66048K, used 15738K [0x0000000082a00000, 0x0000000086a80000, 0x00000000d6380000)
  object space 66048K, 23% used [0x0000000082a00000,0x000000008395e810,0x0000000086a80000)
 Metaspace       used 38078K, capacity 39864K, committed 40144K, reserved 1083392K
  class space    used 5203K, capacity 5517K, committed 5628K, reserved 1048576K
GC Heap History (10 events):
Event: 2.921 GC heap before
{Heap before GC invocations=8 (full 1):
 PSYoungGen      total 139264K, used 131072K [0x00000000d6380000, 0x00000000df380000, 0x0000000100000000)
  eden space 131072K, 100% used [0x00000000d6380000,0x00000000de380000,0x00000000de380000)
  from space 8192K, 0% used [0x00000000deb80000,0x00000000deb80000,0x00000000df380000)
  to   space 8192K, 0% used [0x00000000de380000,0x00000000de380000,0x00000000deb80000)
 ParOldGen       total 45056K, used 5328K [0x0000000082a00000, 0x0000000085600000, 0x00000000d6380000)
  object space 45056K, 11% used [0x0000000082a00000,0x0000000082f341b0,0x0000000085600000)
 Metaspace       used 31748K, capacity 32798K, committed 33148K, reserved 1077248K
  class space    used 4403K, capacity 4630K, committed 4732K, reserved 1048576K
Event: 2.933 GC heap after
Heap after GC invocations=8 (full 1):
 PSYoungGen      total 139264K, used 8180K [0x00000000d6380000, 0x00000000df380000, 0x0000000100000000)
  eden space 131072K, 0% used [0x00000000d6380000,0x00000000d6380000,0x00000000de380000)
  from space 8192K, 99% used [0x00000000de380000,0x00000000deb7d3c8,0x00000000deb80000)
  to   space 8192K, 0% used [0x00000000deb80000,0x00000000deb80000,0x00000000df380000)
 ParOldGen       total 45056K, used 10497K [0x0000000082a00000, 0x0000000085600000, 0x00000000d6380000)
  object space 45056K, 23% used [0x0000000082a00000,0x0000000083440650,0x0000000085600000)
 Metaspace       used 31748K, capacity 32798K, committed 33148K, reserved 1077248K
  class space    used 4403K, capacity 4630K, committed 4732K, reserved 1048576K
}
Event: 3.614 GC heap before
{Heap before GC invocations=9 (full 1):
 PSYoungGen      total 139264K, used 126216K [0x00000000d6380000, 0x00000000df380000, 0x0000000100000000)
  eden space 131072K, 90% used [0x00000000d6380000,0x00000000dd6c4c40,0x00000000de380000)
  from space 8192K, 99% used [0x00000000de380000,0x00000000deb7d3c8,0x00000000deb80000)
  to   space 8192K, 0% used [0x00000000deb80000,0x00000000deb80000,0x00000000df380000)
 ParOldGen       total 45056K, used 10497K [0x0000000082a00000, 0x0000000085600000, 0x00000000d6380000)
  object space 45056K, 23% used [0x0000000082a00000,0x0000000083440650,0x0000000085600000)
 Metaspace       used 34561K, capacity 35986K, committed 36048K, reserved 1081344K
  class space    used 4802K, capacity 5090K, committed 5116K, reserved 1048576K
Event: 3.624 GC heap after
Heap after GC invocations=9 (full 1):
 PSYoungGen      total 139264K, used 8176K [0x00000000d6380000, 0x00000000df380000, 0x0000000100000000)
  eden space 131072K, 0% used [0x00000000d6380000,0x00000000d6380000,0x00000000de380000)
  from space 8192K, 99% used [0x00000000deb80000,0x00000000df37c030,0x00000000df380000)
  to   space 8192K, 0% used [0x00000000de380000,0x00000000de380000,0x00000000deb80000)
 ParOldGen       total 45056K, used 12967K [0x0000000082a00000, 0x0000000085600000, 0x00000000d6380000)
  object space 45056K, 28% used [0x0000000082a00000,0x00000000836a9f38,0x0000000085600000)
 Metaspace       used 34561K, capacity 35986K, committed 36048K, reserved 1081344K
  class space    used 4802K, capacity 5090K, committed 5116K, reserved 1048576K
}
Event: 3.624 GC heap before
{Heap before GC invocations=10 (full 2):
 PSYoungGen      total 139264K, used 8176K [0x00000000d6380000, 0x00000000df380000, 0x0000000100000000)
  eden space 131072K, 0% used [0x00000000d6380000,0x00000000d6380000,0x00000000de380000)
  from space 8192K, 99% used [0x00000000deb80000,0x00000000df37c030,0x00000000df380000)
  to   space 8192K, 0% used [0x00000000de380000,0x00000000de380000,0x00000000deb80000)
 ParOldGen       total 45056K, used 12967K [0x0000000082a00000, 0x0000000085600000, 0x00000000d6380000)
  object space 45056K, 28% used [0x0000000082a00000,0x00000000836a9f38,0x0000000085600000)
 Metaspace       used 34561K, capacity 35986K, committed 36048K, reserved 1081344K
  class space    used 4802K, capacity 5090K, committed 5116K, reserved 1048576K
Event: 3.672 GC heap after
Heap after GC invocations=10 (full 2):
 PSYoungGen      total 139264K, used 0K [0x00000000d6380000, 0x00000000df380000, 0x0000000100000000)
  eden space 131072K, 0% used [0x00000000d6380000,0x00000000d6380000,0x00000000de380000)
  from space 8192K, 0% used [0x00000000deb80000,0x00000000deb80000,0x00000000df380000)
  to   space 8192K, 0% used [0x00000000de380000,0x00000000de380000,0x00000000deb80000)
 ParOldGen       total 66048K, used 15722K [0x0000000082a00000, 0x0000000086a80000, 0x00000000d6380000)
  object space 66048K, 23% used [0x0000000082a00000,0x000000008395a810,0x0000000086a80000)
 Metaspace       used 34561K, capacity 35986K, committed 36048K, reserved 1081344K
  class space    used 4802K, capacity 5090K, committed 5116K, reserved 1048576K
}
Event: 4.781 GC heap before
{Heap before GC invocations=11 (full 2):
 PSYoungGen      total 139264K, used 131072K [0x00000000d6380000, 0x00000000df380000, 0x0000000100000000)
  eden space 131072K, 100% used [0x00000000d6380000,0x00000000de380000,0x00000000de380000)
  from space 8192K, 0% used [0x00000000deb80000,0x00000000deb80000,0x00000000df380000)
  to   space 8192K, 0% used [0x00000000de380000,0x00000000de380000,0x00000000deb80000)
 ParOldGen       total 66048K, used 15722K [0x0000000082a00000, 0x0000000086a80000, 0x00000000d6380000)
  object space 66048K, 23% used [0x0000000082a00000,0x000000008395a810,0x0000000086a80000)
 Metaspace       used 37757K, capacity 39492K, committed 39632K, reserved 1083392K
  class space    used 5192K, capacity 5509K, committed 5628K, reserved 1048576K
Event: 4.787 GC heap after
Heap after GC invocations=11 (full 2):
 PSYoungGen      total 139264K, used 6858K [0x00000000d6380000, 0x00000000e3400000, 0x0000000100000000)
  eden space 131072K, 0% used [0x00000000d6380000,0x00000000d6380000,0x00000000de380000)
  from space 8192K, 83% used [0x00000000de380000,0x00000000dea32b08,0x00000000deb80000)
  to   space 12288K, 0% used [0x00000000e2800000,0x00000000e2800000,0x00000000e3400000)
 ParOldGen       total 66048K, used 15730K [0x0000000082a00000, 0x0000000086a80000, 0x00000000d6380000)
  object space 66048K, 23% used [0x0000000082a00000,0x000000008395c810,0x0000000086a80000)
 Metaspace       used 37757K, capacity 39492K, committed 39632K, reserved 1083392K
  class space    used 5192K, capacity 5509K, committed 5628K, reserved 1048576K
}
Event: 5.520 GC heap before
{Heap before GC invocations=12 (full 2):
 PSYoungGen      total 139264K, used 137930K [0x00000000d6380000, 0x00000000e3400000, 0x0000000100000000)
  eden space 131072K, 100% used [0x00000000d6380000,0x00000000de380000,0x00000000de380000)
  from space 8192K, 83% used [0x00000000de380000,0x00000000dea32b08,0x00000000deb80000)
  to   space 12288K, 0% used [0x00000000e2800000,0x00000000e2800000,0x00000000e3400000)
 ParOldGen       total 66048K, used 15730K [0x0000000082a00000, 0x0000000086a80000, 0x00000000d6380000)
  object space 66048K, 23% used [0x0000000082a00000,0x000000008395c810,0x0000000086a80000)
 Metaspace       used 38059K, capacity 39864K, committed 40144K, reserved 1083392K
  class space    used 5203K, capacity 5517K, committed 5628K, reserved 1048576K
Event: 5.529 GC heap after
Heap after GC invocations=12 (full 2):
 PSYoungGen      total 193024K, used 6859K [0x00000000d6380000, 0x00000000e2f80000, 0x0000000100000000)
  eden space 185344K, 0% used [0x00000000d6380000,0x00000000d6380000,0x00000000e1880000)
  from space 7680K, 89% used [0x00000000e2800000,0x00000000e2eb2d80,0x00000000e2f80000)
  to   space 11776K, 0% used [0x00000000e1880000,0x00000000e1880000,0x00000000e2400000)
 ParOldGen       total 66048K, used 15738K [0x0000000082a00000, 0x0000000086a80000, 0x00000000d6380000)
  object space 66048K, 23% used [0x0000000082a00000,0x000000008395e810,0x0000000086a80000)
 Metaspace       used 38059K, capacity 39864K, committed 40144K, reserved 1083392K
  class space    used 5203K, capacity 5517K, committed 5628K, reserved 1048576K
}

