# JRE version: Java(TM) SE Runtime Environment (8.0_201-b09) (build 1.8.0_201-b09)
# Java VM: Java HotSpot(TM) 64-Bit Server VM (25.201-b09 mixed mode windows-amd64 compressed oops)
Heap:
 PSYoungGen      total 152576K, used 83395K [0x00000000d6380000, 0x00000000e0b80000, 0x0000000100000000)
  eden space 139776K, 50% used [0x00000000d6380000,0x00000000da879438,0x00000000dec00000)
  from space 12800K, 99% used [0x00000000dff00000,0x00000000e0b77948,0x00000000e0b80000)
  to   space 14336K, 0% used [0x00000000def80000,0x00000000def80000,0x00000000dfd80000)
 ParOldGen       total 93696K, used 16785K [0x0000000082a00000, 0x0000000088580000, 0x00000000d6380000)
  object space 93696K, 17% used [0x0000000082a00000,0x0000000083a646a8,0x0000000088580000)
 Metaspace       used 50319K, capacity 52180K, committed 52648K, reserved 1095680K
  class space    used 6871K, capacity 7215K, committed 7336K, reserved 1048576K
GC Heap History (10 events):
Event: 1.500 GC heap before
{Heap before GC invocations=6 (full 1):
 PSYoungGen      total 70656K, used 65536K [0x00000000d6380000, 0x00000000dad80000, 0x0000000100000000)
  eden space 65536K, 100% used [0x00000000d6380000,0x00000000da380000,0x00000000da380000)
  from space 5120K, 0% used [0x00000000da880000,0x00000000da880000,0x00000000dad80000)
  to   space 5120K, 0% used [0x00000000da380000,0x00000000da380000,0x00000000da880000)
 ParOldGen       total 57856K, used 7498K [0x0000000082a00000, 0x0000000086280000, 0x00000000d6380000)
  object space 57856K, 12% used [0x0000000082a00000,0x00000000831529b8,0x0000000086280000)
 Metaspace       used 23662K, capacity 24340K, committed 24496K, reserved 1071104K
  class space    used 3039K, capacity 3223K, committed 3248K, reserved 1048576K
Event: 1.505 GC heap after
Heap after GC invocations=6 (full 1):
 PSYoungGen      total 70656K, used 4065K [0x00000000d6380000, 0x00000000dd880000, 0x0000000100000000)
  eden space 65536K, 0% used [0x00000000d6380000,0x00000000d6380000,0x00000000da380000)
  from space 5120K, 79% used [0x00000000da380000,0x00000000da778498,0x00000000da880000)
  to   space 9216K, 0% used [0x00000000dcf80000,0x00000000dcf80000,0x00000000dd880000)
 ParOldGen       total 57856K, used 7570K [0x0000000082a00000, 0x0000000086280000, 0x00000000d6380000)
  object space 57856K, 13% used [0x0000000082a00000,0x00000000831649c8,0x0000000086280000)
 Metaspace       used 23662K, capacity 24340K, committed 24496K, reserved 1071104K
  class space    used 3039K, capacity 3223K, committed 3248K, reserved 1048576K
}
Event: 2.291 GC heap before
{Heap before GC invocations=7 (full 1):
 PSYoungGen      total 70656K, used 69601K [0x00000000d6380000, 0x00000000dd880000, 0x0000000100000000)
  eden space 65536K, 100% used [0x00000000d6380000,0x00000000da380000,0x00000000da380000)
  from space 5120K, 79% used [0x00000000da380000,0x00000000da778498,0x00000000da880000)
  to   space 9216K, 0% used [0x00000000dcf80000,0x00000000dcf80000,0x00000000dd880000)
 ParOldGen       total 57856K, used 7570K [0x0000000082a00000, 0x0000000086280000, 0x00000000d6380000)
  object space 57856K, 13% used [0x0000000082a00000,0x00000000831649c8,0x0000000086280000)
 Metaspace       used 28212K, capacity 29320K, committed 29616K, reserved 1075200K
  class space    used 3660K, capacity 3899K, committed 4016K, reserved 1048576K
Event: 2.299 GC heap after
Heap after GC invocations=7 (full 1):
 PSYoungGen      total 108032K, used 9059K [0x00000000d6380000, 0x00000000dd880000, 0x0000000100000000)
  eden space 98816K, 0% used [0x00000000d6380000,0x00000000d6380000,0x00000000dc400000)
  from space 9216K, 98% used [0x00000000dcf80000,0x00000000dd858de0,0x00000000dd880000)
  to   space 10240K, 0% used [0x00000000dc480000,0x00000000dc480000,0x00000000dce80000)
 ParOldGen       total 57856K, used 7578K [0x0000000082a00000, 0x0000000086280000, 0x00000000d6380000)
  object space 57856K, 13% used [0x0000000082a00000,0x00000000831669c8,0x0000000086280000)
 Metaspace       used 28212K, capacity 29320K, committed 29616K, reserved 1075200K
  class space    used 3660K, capacity 3899K, committed 4016K, reserved 1048576K
}
Event: 3.226 GC heap before
{Heap before GC invocations=8 (full 1):
 PSYoungGen      total 108032K, used 102494K [0x00000000d6380000, 0x00000000dd880000, 0x0000000100000000)
  eden space 98816K, 94% used [0x00000000d6380000,0x00000000dbebeac0,0x00000000dc400000)
  from space 9216K, 98% used [0x00000000dcf80000,0x00000000dd858de0,0x00000000dd880000)
  to   space 10240K, 0% used [0x00000000dc480000,0x00000000dc480000,0x00000000dce80000)
 ParOldGen       total 57856K, used 7578K [0x0000000082a00000, 0x0000000086280000, 0x00000000d6380000)
  object space 57856K, 13% used [0x0000000082a00000,0x00000000831669c8,0x0000000086280000)
 Metaspace       used 33731K, capacity 35344K, committed 35496K, reserved 1079296K
  class space    used 4335K, capacity 4659K, committed 4776K, reserved 1048576K
Event: 3.239 GC heap after
Heap after GC invocations=8 (full 1):
 PSYoungGen      total 109568K, used 10224K [0x00000000d6380000, 0x00000000e0b80000, 0x0000000100000000)
  eden space 99328K, 0% used [0x00000000d6380000,0x00000000d6380000,0x00000000dc480000)
  from space 10240K, 99% used [0x00000000dc480000,0x00000000dce7c048,0x00000000dce80000)
  to   space 12800K, 0% used [0x00000000dff00000,0x00000000dff00000,0x00000000e0b80000)
 ParOldGen       total 57856K, used 9470K [0x0000000082a00000, 0x0000000086280000, 0x00000000d6380000)
  object space 57856K, 16% used [0x0000000082a00000,0x000000008333f978,0x0000000086280000)
 Metaspace       used 33731K, capacity 35344K, committed 35496K, reserved 1079296K
  class space    used 4335K, capacity 4659K, committed 4776K, reserved 1048576K
}
Event: 3.239 GC heap before
{Heap before GC invocations=9 (full 2):
 PSYoungGen      total 109568K, used 10224K [0x00000000d6380000, 0x00000000e0b80000, 0x0000000100000000)
  eden space 99328K, 0% used [0x00000000d6380000,0x00000000d6380000,0x00000000dc480000)
  from space 10240K, 99% used [0x00000000dc480000,0x00000000dce7c048,0x00000000dce80000)
  to   space 12800K, 0% used [0x00000000dff00000,0x00000000dff00000,0x00000000e0b80000)
 ParOldGen       total 57856K, used 9470K [0x0000000082a00000, 0x0000000086280000, 0x00000000d6380000)
  object space 57856K, 16% used [0x0000000082a00000,0x000000008333f978,0x0000000086280000)
 Metaspace       used 33731K, capacity 35344K, committed 35496K, reserved 1079296K
  class space    used 4335K, capacity 4659K, committed 4776K, reserved 1048576K
Event: 3.300 GC heap after
Heap after GC invocations=9 (full 2):
 PSYoungGen      total 109568K, used 0K [0x00000000d6380000, 0x00000000e0b80000, 0x0000000100000000)
  eden space 99328K, 0% used [0x00000000d6380000,0x00000000d6380000,0x00000000dc480000)
  from space 10240K, 0% used [0x00000000dc480000,0x00000000dc480000,0x00000000dce80000)
  to   space 12800K, 0% used [0x00000000dff00000,0x00000000dff00000,0x00000000e0b80000)
 ParOldGen       total 93696K, used 16777K [0x0000000082a00000, 0x0000000088580000, 0x00000000d6380000)
  object space 93696K, 17% used [0x0000000082a00000,0x0000000083a626a8,0x0000000088580000)
 Metaspace       used 33731K, capacity 35344K, committed 35496K, reserved 1079296K
  class space    used 4335K, capacity 4659K, committed 4776K, reserved 1048576K
}
Event: 4.341 GC heap before
{Heap before GC invocations=10 (full 2):
 PSYoungGen      total 109568K, used 99328K [0x00000000d6380000, 0x00000000e0b80000, 0x0000000100000000)
  eden space 99328K, 100% used [0x00000000d6380000,0x00000000dc480000,0x00000000dc480000)
  from space 10240K, 0% used [0x00000000dc480000,0x00000000dc480000,0x00000000dce80000)
  to   space 12800K, 0% used [0x00000000dff00000,0x00000000dff00000,0x00000000e0b80000)
 ParOldGen       total 93696K, used 16777K [0x0000000082a00000, 0x0000000088580000, 0x00000000d6380000)
  object space 93696K, 17% used [0x0000000082a00000,0x0000000083a626a8,0x0000000088580000)
 Metaspace       used 44656K, capacity 46408K, committed 46760K, reserved 1089536K
  class space    used 5980K, capacity 6301K, committed 6312K, reserved 1048576K
Event: 4.353 GC heap after
Heap after GC invocations=10 (full 2):
 PSYoungGen      total 152576K, used 12766K [0x00000000d6380000, 0x00000000e0b80000, 0x0000000100000000)
  eden space 139776K, 0% used [0x00000000d6380000,0x00000000d6380000,0x00000000dec00000)
  from space 12800K, 99% used [0x00000000dff00000,0x00000000e0b77948,0x00000000e0b80000)
  to   space 14336K, 0% used [0x00000000def80000,0x00000000def80000,0x00000000dfd80000)
 ParOldGen       total 93696K, used 16785K [0x0000000082a00000, 0x0000000088580000, 0x00000000d6380000)
  object space 93696K, 17% used [0x0000000082a00000,0x0000000083a646a8,0x0000000088580000)
 Metaspace       used 44656K, capacity 46408K, committed 46760K, reserved 1089536K
  class space    used 5980K, capacity 6301K, committed 6312K, reserved 1048576K
}

