# JRE version: Java(TM) SE Runtime Environment (8.0_201-b09) (build 1.8.0_201-b09)
# Java VM: Java HotSpot(TM) 64-Bit Server VM (25.201-b09 mixed mode windows-amd64 compressed oops)
Heap:
 PSYoungGen      total 136192K, used 3887K [0x00000000d6380000, 0x00000000e4e00000, 0x0000000100000000)
  eden space 127488K, 3% used [0x00000000d6380000,0x00000000d674bcd8,0x00000000de000000)
  from space 8704K, 0% used [0x00000000de000000,0x00000000de000000,0x00000000de880000)
  to   space 11264K, 0% used [0x00000000e4300000,0x00000000e4300000,0x00000000e4e00000)
 ParOldGen       total 70656K, used 16081K [0x0000000082a00000, 0x0000000086f00000, 0x00000000d6380000)
  object space 70656K, 22% used [0x0000000082a00000,0x00000000839b46e8,0x0000000086f00000)
 Metaspace       used 34425K, capacity 35704K, committed 36056K, reserved 1081344K
  class space    used 4468K, capacity 4735K, committed 4824K, reserved 1048576K
GC Heap History (10 events):
Event: 1.747 GC heap before
{Heap before GC invocations=5 (full 0):
 PSYoungGen      total 70656K, used 7010K [0x00000000d6380000, 0x00000000dad80000, 0x0000000100000000)
  eden space 65536K, 2% used [0x00000000d6380000,0x00000000d655bb88,0x00000000da380000)
  from space 5120K, 99% used [0x00000000da880000,0x00000000dad7ce60,0x00000000dad80000)
  to   space 5120K, 0% used [0x00000000da380000,0x00000000da380000,0x00000000da880000)
 ParOldGen       total 86016K, used 4861K [0x0000000082a00000, 0x0000000087e00000, 0x00000000d6380000)
  object space 86016K, 5% used [0x0000000082a00000,0x0000000082ebf530,0x0000000087e00000)
 Metaspace       used 20626K, capacity 21222K, committed 21248K, reserved 1067008K
  class space    used 2657K, capacity 2816K, committed 2816K, reserved 1048576K
Event: 1.752 GC heap after
Heap after GC invocations=5 (full 0):
 PSYoungGen      total 70656K, used 5099K [0x00000000d6380000, 0x00000000df480000, 0x0000000100000000)
  eden space 65536K, 0% used [0x00000000d6380000,0x00000000d6380000,0x00000000da380000)
  from space 5120K, 99% used [0x00000000da380000,0x00000000da87ac68,0x00000000da880000)
  to   space 8704K, 0% used [0x00000000dec00000,0x00000000dec00000,0x00000000df480000)
 ParOldGen       total 86016K, used 5120K [0x0000000082a00000, 0x0000000087e00000, 0x00000000d6380000)
  object space 86016K, 5% used [0x0000000082a00000,0x0000000082f00058,0x0000000087e00000)
 Metaspace       used 20626K, capacity 21222K, committed 21248K, reserved 1067008K
  class space    used 2657K, capacity 2816K, committed 2816K, reserved 1048576K
}
Event: 1.752 GC heap before
{Heap before GC invocations=6 (full 1):
 PSYoungGen      total 70656K, used 5099K [0x00000000d6380000, 0x00000000df480000, 0x0000000100000000)
  eden space 65536K, 0% used [0x00000000d6380000,0x00000000d6380000,0x00000000da380000)
  from space 5120K, 99% used [0x00000000da380000,0x00000000da87ac68,0x00000000da880000)
  to   space 8704K, 0% used [0x00000000dec00000,0x00000000dec00000,0x00000000df480000)
 ParOldGen       total 86016K, used 5120K [0x0000000082a00000, 0x0000000087e00000, 0x00000000d6380000)
  object space 86016K, 5% used [0x0000000082a00000,0x0000000082f00058,0x0000000087e00000)
 Metaspace       used 20626K, capacity 21222K, committed 21248K, reserved 1067008K
  class space    used 2657K, capacity 2816K, committed 2816K, reserved 1048576K
Event: 1.779 GC heap after
Heap after GC invocations=6 (full 1):
 PSYoungGen      total 70656K, used 0K [0x00000000d6380000, 0x00000000df480000, 0x0000000100000000)
  eden space 65536K, 0% used [0x00000000d6380000,0x00000000d6380000,0x00000000da380000)
  from space 5120K, 0% used [0x00000000da380000,0x00000000da380000,0x00000000da880000)
  to   space 8704K, 0% used [0x00000000dec00000,0x00000000dec00000,0x00000000df480000)
 ParOldGen       total 46080K, used 5305K [0x0000000082a00000, 0x0000000085700000, 0x00000000d6380000)
  object space 46080K, 11% used [0x0000000082a00000,0x0000000082f2e488,0x0000000085700000)
 Metaspace       used 20626K, capacity 21222K, committed 21248K, reserved 1067008K
  class space    used 2657K, capacity 2816K, committed 2816K, reserved 1048576K
}
Event: 2.022 GC heap before
{Heap before GC invocations=7 (full 1):
 PSYoungGen      total 70656K, used 65536K [0x00000000d6380000, 0x00000000df480000, 0x0000000100000000)
  eden space 65536K, 100% used [0x00000000d6380000,0x00000000da380000,0x00000000da380000)
  from space 5120K, 0% used [0x00000000da380000,0x00000000da380000,0x00000000da880000)
  to   space 8704K, 0% used [0x00000000dec00000,0x00000000dec00000,0x00000000df480000)
 ParOldGen       total 46080K, used 5305K [0x0000000082a00000, 0x0000000085700000, 0x00000000d6380000)
  object space 46080K, 11% used [0x0000000082a00000,0x0000000082f2e488,0x0000000085700000)
 Metaspace       used 24466K, capacity 25174K, committed 25472K, reserved 1071104K
  class space    used 3176K, capacity 3356K, committed 3456K, reserved 1048576K
Event: 2.027 GC heap after
Heap after GC invocations=7 (full 1):
 PSYoungGen      total 125952K, used 4885K [0x00000000d6380000, 0x00000000df100000, 0x0000000100000000)
  eden space 120832K, 0% used [0x00000000d6380000,0x00000000d6380000,0x00000000dd980000)
  from space 5120K, 95% used [0x00000000dec00000,0x00000000df0c55a0,0x00000000df100000)
  to   space 8704K, 0% used [0x00000000de000000,0x00000000de000000,0x00000000de880000)
 ParOldGen       total 46080K, used 5377K [0x0000000082a00000, 0x0000000085700000, 0x00000000d6380000)
  object space 46080K, 11% used [0x0000000082a00000,0x0000000082f40498,0x0000000085700000)
 Metaspace       used 24466K, capacity 25174K, committed 25472K, reserved 1071104K
  class space    used 3176K, capacity 3356K, committed 3456K, reserved 1048576K
}
Event: 3.419 GC heap before
{Heap before GC invocations=8 (full 1):
 PSYoungGen      total 125952K, used 116072K [0x00000000d6380000, 0x00000000df100000, 0x0000000100000000)
  eden space 120832K, 92% used [0x00000000d6380000,0x00000000dd014a60,0x00000000dd980000)
  from space 5120K, 95% used [0x00000000dec00000,0x00000000df0c55a0,0x00000000df100000)
  to   space 8704K, 0% used [0x00000000de000000,0x00000000de000000,0x00000000de880000)
 ParOldGen       total 46080K, used 5377K [0x0000000082a00000, 0x0000000085700000, 0x00000000d6380000)
  object space 46080K, 11% used [0x0000000082a00000,0x0000000082f40498,0x0000000085700000)
 Metaspace       used 34073K, capacity 35320K, committed 35416K, reserved 1079296K
  class space    used 4394K, capacity 4671K, committed 4696K, reserved 1048576K
Event: 3.429 GC heap after
Heap after GC invocations=8 (full 1):
 PSYoungGen      total 136192K, used 8698K [0x00000000d6380000, 0x00000000e4e00000, 0x0000000100000000)
  eden space 127488K, 0% used [0x00000000d6380000,0x00000000d6380000,0x00000000de000000)
  from space 8704K, 99% used [0x00000000de000000,0x00000000de87e970,0x00000000de880000)
  to   space 11264K, 0% used [0x00000000e4300000,0x00000000e4300000,0x00000000e4e00000)
 ParOldGen       total 46080K, used 8287K [0x0000000082a00000, 0x0000000085700000, 0x00000000d6380000)
  object space 46080K, 17% used [0x0000000082a00000,0x0000000083217e80,0x0000000085700000)
 Metaspace       used 34073K, capacity 35320K, committed 35416K, reserved 1079296K
  class space    used 4394K, capacity 4671K, committed 4696K, reserved 1048576K
}
Event: 3.429 GC heap before
{Heap before GC invocations=9 (full 2):
 PSYoungGen      total 136192K, used 8698K [0x00000000d6380000, 0x00000000e4e00000, 0x0000000100000000)
  eden space 127488K, 0% used [0x00000000d6380000,0x00000000d6380000,0x00000000de000000)
  from space 8704K, 99% used [0x00000000de000000,0x00000000de87e970,0x00000000de880000)
  to   space 11264K, 0% used [0x00000000e4300000,0x00000000e4300000,0x00000000e4e00000)
 ParOldGen       total 46080K, used 8287K [0x0000000082a00000, 0x0000000085700000, 0x00000000d6380000)
  object space 46080K, 17% used [0x0000000082a00000,0x0000000083217e80,0x0000000085700000)
 Metaspace       used 34073K, capacity 35320K, committed 35416K, reserved 1079296K
  class space    used 4394K, capacity 4671K, committed 4696K, reserved 1048576K
Event: 3.517 GC heap after
Heap after GC invocations=9 (full 2):
 PSYoungGen      total 136192K, used 0K [0x00000000d6380000, 0x00000000e4e00000, 0x0000000100000000)
  eden space 127488K, 0% used [0x00000000d6380000,0x00000000d6380000,0x00000000de000000)
  from space 8704K, 0% used [0x00000000de000000,0x00000000de000000,0x00000000de880000)
  to   space 11264K, 0% used [0x00000000e4300000,0x00000000e4300000,0x00000000e4e00000)
 ParOldGen       total 70656K, used 16081K [0x0000000082a00000, 0x0000000086f00000, 0x00000000d6380000)
  object space 70656K, 22% used [0x0000000082a00000,0x00000000839b46e8,0x0000000086f00000)
 Metaspace       used 34073K, capacity 35320K, committed 35416K, reserved 1079296K
  class space    used 4394K, capacity 4671K, committed 4696K, reserved 1048576K
}

